2021-04-21 21:31:57.321  INFO 11708 --- [main] o.a.c.c.C.[Tomcat].[localhost].[/]       : Initializing Spring embedded WebApplicationContext
2021-04-21 21:31:57.321  INFO 11708 --- [main] w.s.c.ServletWebServerApplicationContext : Root WebApplicationContext: initialization completed in 2301 ms
2021-04-21 21:31:57.395  INFO 11708 --- [main] com.zaxxer.hikari.HikariDataSource       : HikariPool-1 - Starting...
2021-04-21 21:31:57.614  INFO 11708 --- [main] com.zaxxer.hikari.HikariDataSource       : HikariPool-1 - Start completed.
2021-04-21 21:31:57.635  INFO 11708 --- [main] o.s.b.a.h2.H2ConsoleAutoConfiguration    : H2 console available at '/h2-console'. Database available at 'jdbc:h2:mem:e03dc8af-a7b1-46aa-a248-772f368d2179'
2021-04-21 21:31:57.834  INFO 11708 --- [main] o.hibernate.jpa.internal.util.LogHelper  : HHH000204: Processing PersistenceUnitInfo [name: default]
2021-04-21 21:31:57.886  INFO 11708 --- [main] org.hibernate.Version                    : HHH000412: Hibernate ORM core version 5.4.28.Final
2021-04-21 21:31:58.027  INFO 11708 --- [main] o.hibernate.annotations.common.Version   : HCANN000001: Hibernate Commons Annotations {5.1.2.Final}
2021-04-21 21:31:58.167  INFO 11708 --- [main] org.hibernate.dialect.Dialect            : HHH000400: Using dialect: org.hibernate.dialect.H2Dialect
2021-04-21 21:31:59.448  INFO 11708 --- [main] o.h.e.t.j.p.i.JtaPlatformInitiator       : HHH000490: Using JtaPlatform implementation: [org.hibernate.engine.transaction.jta.platform.internal.NoJtaPlatform]
2021-04-21 21:31:59.464  INFO 11708 --- [main] j.LocalContainerEntityManagerFactoryBean : Initialized JPA EntityManagerFactory for persistence unit 'default'
2021-04-21 21:32:00.472  INFO 11708 --- [main] o.s.s.concurrent.ThreadPoolTaskExecutor  : Initializing ExecutorService
2021-04-21 21:32:00.474  INFO 11708 --- [main] o.s.s.concurrent.ThreadPoolTaskExecutor  : Initializing ExecutorService 'sendMailServiceTaskExecutor'
2021-04-21 21:32:00.498  INFO 11708 --- [main] pertySourcedRequestMappingHandlerMapping : Mapped URL path [/v2/api-docs] onto method [springfox.documentation.swagger2.web.Swagger2Controller#getDocumentation(String, HttpServletRequest)]
2021-04-21 21:32:00.815  INFO 11708 --- [main] o.s.b.w.embedded.tomcat.TomcatWebServer  : Tomcat started on port(s): 8080 (http) with context path ''
2021-04-21 21:32:00.816  INFO 11708 --- [main] d.s.w.p.DocumentationPluginsBootstrapper : Context refreshed
2021-04-21 21:32:00.840  INFO 11708 --- [main] d.s.w.p.DocumentationPluginsBootstrapper : Found 1 custom documentation plugin(s)
2021-04-21 21:32:00.876  INFO 11708 --- [main] s.d.s.w.s.ApiListingReferenceScanner     : Scanning for api listing references
2021-04-21 21:32:01.102  INFO 11708 --- [main] org.jeycode.ApplicationRunner            : Started ApplicationRunner in 6.656 seconds (JVM running for 7.148)
2021-04-21 21:32:03.124  INFO 11708 --- [http-nio-8080-exec-1] o.a.c.c.C.[Tomcat].[localhost].[/]       : Initializing Spring DispatcherServlet 'dispatcherServlet'
2021-04-21 21:32:03.125  INFO 11708 --- [http-nio-8080-exec-1] o.s.web.servlet.DispatcherServlet        : Initializing Servlet 'dispatcherServlet'
2021-04-21 21:32:03.127  INFO 11708 --- [http-nio-8080-exec-1] o.s.web.servlet.DispatcherServlet        : Completed initialization in 2 ms
2021-04-21 21:32:03.415 ERROR 11708 --- [http-nio-8080-exec-7] o.j.e.ApiErrorAttributes                 : Ha ocurrido un error, obteniendo atributos y mensajes.
2021-04-21 21:32:03.417 ERROR 11708 --- [http-nio-8080-exec-7] o.j.e.ApiErrorAttributes                 : Status: 404
2021-04-21 21:32:03.418 ERROR 11708 --- [http-nio-8080-exec-7] o.j.e.ApiErrorAttributes                 : Throwable: null
2021-04-21 21:32:03.420 ERROR 11708 --- [http-nio-8080-exec-7] o.j.e.ApiErrorAttributes                 : Message: 
2021-04-21 21:32:03.442 ERROR 11708 --- [http-nio-8080-exec-8] o.j.e.ApiErrorAttributes                 : Ha ocurrido un error, obteniendo atributos y mensajes.
2021-04-21 21:32:03.442 ERROR 11708 --- [http-nio-8080-exec-8] o.j.e.ApiErrorAttributes                 : Status: 404
2021-04-21 21:32:03.442 ERROR 11708 --- [http-nio-8080-exec-8] o.j.e.ApiErrorAttributes                 : Throwable: null
2021-04-21 21:32:03.443 ERROR 11708 --- [http-nio-8080-exec-8] o.j.e.ApiErrorAttributes                 : Message: 
2021-04-21 21:33:01.001  INFO 844 --- [main] org.jeycode.ApplicationRunner            : Starting ApplicationRunner using Java 11.0.6 on LAPTOP-0FVBB724 with PID 844 (C:\Users\JAVIER\Desktop\EClipse ACTIV\GIT_REPOSITORY\BCF_Project_Backend_RestFullAPI\target\classes started by JAVIER in C:\Users\JAVIER\Desktop\EClipse ACTIV\GIT_REPOSITORY\BCF_Project_Backend_RestFullAPI)
2021-04-21 21:33:01.003  INFO 844 --- [main] org.jeycode.ApplicationRunner            : No active profile set, falling back to default profiles: default
2021-04-21 21:33:02.371  INFO 844 --- [main] .s.d.r.c.RepositoryConfigurationDelegate : Bootstrapping Spring Data JPA repositories in DEFAULT mode.
2021-04-21 21:33:02.486  INFO 844 --- [main] .s.d.r.c.RepositoryConfigurationDelegate : Finished Spring Data repository scanning in 118 ms. Found 5 JPA repository interfaces.
2021-04-21 21:33:03.404  INFO 844 --- [main] o.s.b.w.embedded.tomcat.TomcatWebServer  : Tomcat initialized with port(s): 8080 (http)
2021-04-21 21:33:03.407  INFO 844 --- [main] o.apache.catalina.core.StandardService   : Starting service [Tomcat]
2021-04-21 21:33:03.407  INFO 844 --- [main] org.apache.catalina.core.StandardEngine  : Starting Servlet engine: [Apache Tomcat/9.0.43]
2021-04-21 21:33:03.516  INFO 844 --- [main] o.a.c.c.C.[Tomcat].[localhost].[/]       : Initializing Spring embedded WebApplicationContext
2021-04-21 21:33:03.532  INFO 844 --- [main] w.s.c.ServletWebServerApplicationContext : Root WebApplicationContext: initialization completed in 2468 ms
2021-04-21 21:33:03.579  INFO 844 --- [main] com.zaxxer.hikari.HikariDataSource       : HikariPool-1 - Starting...
2021-04-21 21:33:03.793  INFO 844 --- [main] com.zaxxer.hikari.HikariDataSource       : HikariPool-1 - Start completed.
2021-04-21 21:33:03.795  INFO 844 --- [main] o.s.b.a.h2.H2ConsoleAutoConfiguration    : H2 console available at '/h2-console'. Database available at 'jdbc:h2:mem:496ee086-4935-43cf-83ed-36fbf19474a9'
2021-04-21 21:33:03.976  INFO 844 --- [main] o.hibernate.jpa.internal.util.LogHelper  : HHH000204: Processing PersistenceUnitInfo [name: default]
2021-04-21 21:33:04.024  INFO 844 --- [main] org.hibernate.Version                    : HHH000412: Hibernate ORM core version 5.4.28.Final
2021-04-21 21:33:04.153  INFO 844 --- [main] o.hibernate.annotations.common.Version   : HCANN000001: Hibernate Commons Annotations {5.1.2.Final}
2021-04-21 21:33:04.325  INFO 844 --- [main] org.hibernate.dialect.Dialect            : HHH000400: Using dialect: org.hibernate.dialect.H2Dialect
2021-04-21 21:33:05.079  INFO 844 --- [main] o.h.e.t.j.p.i.JtaPlatformInitiator       : HHH000490: Using JtaPlatform implementation: [org.hibernate.engine.transaction.jta.platform.internal.NoJtaPlatform]
2021-04-21 21:33:05.095  INFO 844 --- [main] j.LocalContainerEntityManagerFactoryBean : Initialized JPA EntityManagerFactory for persistence unit 'default'
2021-04-21 21:33:06.373  INFO 844 --- [main] o.s.s.concurrent.ThreadPoolTaskExecutor  : Initializing ExecutorService
2021-04-21 21:33:06.390  INFO 844 --- [main] o.s.s.concurrent.ThreadPoolTaskExecutor  : Initializing ExecutorService 'sendMailServiceTaskExecutor'
2021-04-21 21:33:06.422  INFO 844 --- [main] pertySourcedRequestMappingHandlerMapping : Mapped URL path [/v2/api-docs] onto method [springfox.documentation.swagger2.web.Swagger2Controller#getDocumentation(String, HttpServletRequest)]
2021-04-21 21:33:06.872  INFO 844 --- [main] o.s.b.w.embedded.tomcat.TomcatWebServer  : Tomcat started on port(s): 8080 (http) with context path ''
2021-04-21 21:33:06.872  INFO 844 --- [main] d.s.w.p.DocumentationPluginsBootstrapper : Context refreshed
2021-04-21 21:33:06.903  INFO 844 --- [main] d.s.w.p.DocumentationPluginsBootstrapper : Found 1 custom documentation plugin(s)
2021-04-21 21:33:06.935  INFO 844 --- [main] s.d.s.w.s.ApiListingReferenceScanner     : Scanning for api listing references
2021-04-21 21:33:07.169  INFO 844 --- [main] org.jeycode.ApplicationRunner            : Started ApplicationRunner in 6.702 seconds (JVM running for 7.189)
2021-04-21 21:33:08.237  INFO 844 --- [http-nio-8080-exec-1] o.a.c.c.C.[Tomcat].[localhost].[/]       : Initializing Spring DispatcherServlet 'dispatcherServlet'
2021-04-21 21:33:08.239  INFO 844 --- [http-nio-8080-exec-1] o.s.web.servlet.DispatcherServlet        : Initializing Servlet 'dispatcherServlet'
2021-04-21 21:33:08.240  INFO 844 --- [http-nio-8080-exec-1] o.s.web.servlet.DispatcherServlet        : Completed initialization in 1 ms
2021-04-21 21:33:08.568 ERROR 844 --- [http-nio-8080-exec-8] o.j.e.ApiErrorAttributes                 : Ha ocurrido un error, obteniendo atributos y mensajes.
2021-04-21 21:33:08.571 ERROR 844 --- [http-nio-8080-exec-8] o.j.e.ApiErrorAttributes                 : Status: 404
2021-04-21 21:33:08.572 ERROR 844 --- [http-nio-8080-exec-8] o.j.e.ApiErrorAttributes                 : Throwable: null
2021-04-21 21:33:08.573 ERROR 844 --- [http-nio-8080-exec-8] o.j.e.ApiErrorAttributes                 : Message: 
2021-04-21 21:33:08.593 ERROR 844 --- [http-nio-8080-exec-7] o.j.e.ApiErrorAttributes                 : Ha ocurrido un error, obteniendo atributos y mensajes.
2021-04-21 21:33:08.593 ERROR 844 --- [http-nio-8080-exec-7] o.j.e.ApiErrorAttributes                 : Status: 404
2021-04-21 21:33:08.593 ERROR 844 --- [http-nio-8080-exec-7] o.j.e.ApiErrorAttributes                 : Throwable: null
2021-04-21 21:33:08.593 ERROR 844 --- [http-nio-8080-exec-7] o.j.e.ApiErrorAttributes                 : Message: 
2021-04-21 21:33:46.500  INFO 11148 --- [main] org.jeycode.ApplicationRunner            : Starting ApplicationRunner using Java 11.0.6 on LAPTOP-0FVBB724 with PID 11148 (C:\Users\JAVIER\Desktop\EClipse ACTIV\GIT_REPOSITORY\BCF_Project_Backend_RestFullAPI\target\classes started by JAVIER in C:\Users\JAVIER\Desktop\EClipse ACTIV\GIT_REPOSITORY\BCF_Project_Backend_RestFullAPI)
2021-04-21 21:33:46.516  INFO 11148 --- [main] org.jeycode.ApplicationRunner            : No active profile set, falling back to default profiles: default
2021-04-21 21:33:47.615  INFO 11148 --- [main] .s.d.r.c.RepositoryConfigurationDelegate : Bootstrapping Spring Data JPA repositories in DEFAULT mode.
2021-04-21 21:33:47.749  INFO 11148 --- [main] .s.d.r.c.RepositoryConfigurationDelegate : Finished Spring Data repository scanning in 126 ms. Found 5 JPA repository interfaces.
2021-04-21 21:33:48.658  INFO 11148 --- [main] o.s.b.w.embedded.tomcat.TomcatWebServer  : Tomcat initialized with port(s): 8080 (http)
2021-04-21 21:33:48.662  INFO 11148 --- [main] o.apache.catalina.core.StandardService   : Starting service [Tomcat]
2021-04-21 21:33:48.662  INFO 11148 --- [main] org.apache.catalina.core.StandardEngine  : Starting Servlet engine: [Apache Tomcat/9.0.43]
2021-04-21 21:33:48.772  INFO 11148 --- [main] o.a.c.c.C.[Tomcat].[localhost].[/]       : Initializing Spring embedded WebApplicationContext
2021-04-21 21:33:48.772  INFO 11148 --- [main] w.s.c.ServletWebServerApplicationContext : Root WebApplicationContext: initialization completed in 2205 ms
2021-04-21 21:33:48.826  INFO 11148 --- [main] com.zaxxer.hikari.HikariDataSource       : HikariPool-1 - Starting...
2021-04-21 21:33:49.047  INFO 11148 --- [main] com.zaxxer.hikari.HikariDataSource       : HikariPool-1 - Start completed.
2021-04-21 21:33:49.047  INFO 11148 --- [main] o.s.b.a.h2.H2ConsoleAutoConfiguration    : H2 console available at '/h2-console'. Database available at 'jdbc:h2:mem:79e7b628-21f8-431d-9f20-a219b534d980'
2021-04-21 21:33:49.235  INFO 11148 --- [main] o.hibernate.jpa.internal.util.LogHelper  : HHH000204: Processing PersistenceUnitInfo [name: default]
2021-04-21 21:33:49.286  INFO 11148 --- [main] org.hibernate.Version                    : HHH000412: Hibernate ORM core version 5.4.28.Final
2021-04-21 21:33:49.482  INFO 11148 --- [main] o.hibernate.annotations.common.Version   : HCANN000001: Hibernate Commons Annotations {5.1.2.Final}
2021-04-21 21:33:49.737  INFO 11148 --- [main] org.hibernate.dialect.Dialect            : HHH000400: Using dialect: org.hibernate.dialect.H2Dialect
2021-04-21 21:33:50.808  INFO 11148 --- [main] o.h.e.t.j.p.i.JtaPlatformInitiator       : HHH000490: Using JtaPlatform implementation: [org.hibernate.engine.transaction.jta.platform.internal.NoJtaPlatform]
2021-04-21 21:33:50.808  INFO 11148 --- [main] j.LocalContainerEntityManagerFactoryBean : Initialized JPA EntityManagerFactory for persistence unit 'default'
2021-04-21 21:33:51.920  INFO 11148 --- [main] o.s.s.concurrent.ThreadPoolTaskExecutor  : Initializing ExecutorService
2021-04-21 21:33:51.923  INFO 11148 --- [main] o.s.s.concurrent.ThreadPoolTaskExecutor  : Initializing ExecutorService 'sendMailServiceTaskExecutor'
2021-04-21 21:33:51.942  INFO 11148 --- [main] pertySourcedRequestMappingHandlerMapping : Mapped URL path [/v2/api-docs] onto method [springfox.documentation.swagger2.web.Swagger2Controller#getDocumentation(String, HttpServletRequest)]
2021-04-21 21:33:52.255  INFO 11148 --- [main] o.s.b.w.embedded.tomcat.TomcatWebServer  : Tomcat started on port(s): 8080 (http) with context path ''
2021-04-21 21:33:52.257  INFO 11148 --- [main] d.s.w.p.DocumentationPluginsBootstrapper : Context refreshed
2021-04-21 21:33:52.279  INFO 11148 --- [main] d.s.w.p.DocumentationPluginsBootstrapper : Found 1 custom documentation plugin(s)
2021-04-21 21:33:52.320  INFO 11148 --- [main] s.d.s.w.s.ApiListingReferenceScanner     : Scanning for api listing references
2021-04-21 21:33:52.394  INFO 11148 --- [http-nio-8080-exec-1] o.a.c.c.C.[Tomcat].[localhost].[/]       : Initializing Spring DispatcherServlet 'dispatcherServlet'
2021-04-21 21:33:52.395  INFO 11148 --- [http-nio-8080-exec-1] o.s.web.servlet.DispatcherServlet        : Initializing Servlet 'dispatcherServlet'
2021-04-21 21:33:52.397  INFO 11148 --- [http-nio-8080-exec-1] o.s.web.servlet.DispatcherServlet        : Completed initialization in 2 ms
2021-04-21 21:33:52.614  INFO 11148 --- [main] org.jeycode.ApplicationRunner            : Started ApplicationRunner in 6.694 seconds (JVM running for 7.209)
2021-04-21 21:33:52.772 ERROR 11148 --- [http-nio-8080-exec-7] o.j.e.ApiErrorAttributes                 : Ha ocurrido un error, obteniendo atributos y mensajes.
2021-04-21 21:33:52.773 ERROR 11148 --- [http-nio-8080-exec-7] o.j.e.ApiErrorAttributes                 : Status: 404
2021-04-21 21:33:52.774 ERROR 11148 --- [http-nio-8080-exec-7] o.j.e.ApiErrorAttributes                 : Throwable: null
2021-04-21 21:33:52.774 ERROR 11148 --- [http-nio-8080-exec-7] o.j.e.ApiErrorAttributes                 : Message: 
2021-04-21 21:33:52.797 ERROR 11148 --- [http-nio-8080-exec-8] o.j.e.ApiErrorAttributes                 : Ha ocurrido un error, obteniendo atributos y mensajes.
2021-04-21 21:33:52.797 ERROR 11148 --- [http-nio-8080-exec-8] o.j.e.ApiErrorAttributes                 : Status: 404
2021-04-21 21:33:52.797 ERROR 11148 --- [http-nio-8080-exec-8] o.j.e.ApiErrorAttributes                 : Throwable: null
2021-04-21 21:33:52.798 ERROR 11148 --- [http-nio-8080-exec-8] o.j.e.ApiErrorAttributes                 : Message: 
2021-04-21 21:37:04.593  INFO 6968 --- [main] org.jeycode.ApplicationRunner            : Starting ApplicationRunner using Java 11.0.6 on LAPTOP-0FVBB724 with PID 6968 (C:\Users\JAVIER\Desktop\EClipse ACTIV\GIT_REPOSITORY\BCF_Project_Backend_RestFullAPI\target\classes started by JAVIER in C:\Users\JAVIER\Desktop\EClipse ACTIV\GIT_REPOSITORY\BCF_Project_Backend_RestFullAPI)
2021-04-21 21:37:04.594  INFO 6968 --- [main] org.jeycode.ApplicationRunner            : No active profile set, falling back to default profiles: default
2021-04-21 21:37:05.775  INFO 6968 --- [main] .s.d.r.c.RepositoryConfigurationDelegate : Bootstrapping Spring Data JPA repositories in DEFAULT mode.
2021-04-21 21:37:05.930  INFO 6968 --- [main] .s.d.r.c.RepositoryConfigurationDelegate : Finished Spring Data repository scanning in 138 ms. Found 5 JPA repository interfaces.
2021-04-21 21:37:06.941  INFO 6968 --- [main] o.s.b.w.embedded.tomcat.TomcatWebServer  : Tomcat initialized with port(s): 8080 (http)
2021-04-21 21:37:06.953  INFO 6968 --- [main] o.apache.catalina.core.StandardService   : Starting service [Tomcat]
2021-04-21 21:37:06.954  INFO 6968 --- [main] org.apache.catalina.core.StandardEngine  : Starting Servlet engine: [Apache Tomcat/9.0.43]
2021-04-21 21:37:07.078  INFO 6968 --- [main] o.a.c.c.C.[Tomcat].[localhost].[/]       : Initializing Spring embedded WebApplicationContext
2021-04-21 21:37:07.079  INFO 6968 --- [main] w.s.c.ServletWebServerApplicationContext : Root WebApplicationContext: initialization completed in 2418 ms
2021-04-21 21:37:07.139  INFO 6968 --- [main] com.zaxxer.hikari.HikariDataSource       : HikariPool-1 - Starting...
2021-04-21 21:37:07.353  INFO 6968 --- [main] com.zaxxer.hikari.HikariDataSource       : HikariPool-1 - Start completed.
2021-04-21 21:37:07.353  INFO 6968 --- [main] o.s.b.a.h2.H2ConsoleAutoConfiguration    : H2 console available at '/h2-console'. Database available at 'jdbc:h2:mem:4ef95aa4-2b20-4ca1-9171-362f1d8ca6dd'
2021-04-21 21:37:07.710  INFO 6968 --- [main] o.hibernate.jpa.internal.util.LogHelper  : HHH000204: Processing PersistenceUnitInfo [name: default]
2021-04-21 21:37:07.850  INFO 6968 --- [main] org.hibernate.Version                    : HHH000412: Hibernate ORM core version 5.4.28.Final
2021-04-21 21:37:08.108  INFO 6968 --- [main] o.hibernate.annotations.common.Version   : HCANN000001: Hibernate Commons Annotations {5.1.2.Final}
2021-04-21 21:37:08.365  INFO 6968 --- [main] org.hibernate.dialect.Dialect            : HHH000400: Using dialect: org.hibernate.dialect.H2Dialect
2021-04-21 21:37:09.218  INFO 6968 --- [main] o.h.e.t.j.p.i.JtaPlatformInitiator       : HHH000490: Using JtaPlatform implementation: [org.hibernate.engine.transaction.jta.platform.internal.NoJtaPlatform]
2021-04-21 21:37:09.227  INFO 6968 --- [main] j.LocalContainerEntityManagerFactoryBean : Initialized JPA EntityManagerFactory for persistence unit 'default'
2021-04-21 21:37:10.280  INFO 6968 --- [main] o.s.s.concurrent.ThreadPoolTaskExecutor  : Initializing ExecutorService
2021-04-21 21:37:10.283  INFO 6968 --- [main] o.s.s.concurrent.ThreadPoolTaskExecutor  : Initializing ExecutorService 'sendMailServiceTaskExecutor'
2021-04-21 21:37:10.308  INFO 6968 --- [main] pertySourcedRequestMappingHandlerMapping : Mapped URL path [/v2/api-docs] onto method [springfox.documentation.swagger2.web.Swagger2Controller#getDocumentation(String, HttpServletRequest)]
2021-04-21 21:37:10.632  INFO 6968 --- [main] o.s.b.w.embedded.tomcat.TomcatWebServer  : Tomcat started on port(s): 8080 (http) with context path ''
2021-04-21 21:37:10.633  INFO 6968 --- [main] d.s.w.p.DocumentationPluginsBootstrapper : Context refreshed
2021-04-21 21:37:10.659  INFO 6968 --- [main] d.s.w.p.DocumentationPluginsBootstrapper : Found 1 custom documentation plugin(s)
2021-04-21 21:37:10.699  INFO 6968 --- [main] s.d.s.w.s.ApiListingReferenceScanner     : Scanning for api listing references
2021-04-21 21:37:10.703  INFO 6968 --- [http-nio-8080-exec-1] o.a.c.c.C.[Tomcat].[localhost].[/]       : Initializing Spring DispatcherServlet 'dispatcherServlet'
2021-04-21 21:37:10.705  INFO 6968 --- [http-nio-8080-exec-1] o.s.web.servlet.DispatcherServlet        : Initializing Servlet 'dispatcherServlet'
2021-04-21 21:37:10.708  INFO 6968 --- [http-nio-8080-exec-1] o.s.web.servlet.DispatcherServlet        : Completed initialization in 2 ms
2021-04-21 21:37:11.067  INFO 6968 --- [main] org.jeycode.ApplicationRunner            : Started ApplicationRunner in 6.96 seconds (JVM running for 7.454)
2021-04-21 21:37:11.167 ERROR 6968 --- [http-nio-8080-exec-7] o.j.e.ApiErrorAttributes                 : Ha ocurrido un error, obteniendo atributos y mensajes.
2021-04-21 21:37:11.168 ERROR 6968 --- [http-nio-8080-exec-7] o.j.e.ApiErrorAttributes                 : Status: 404
2021-04-21 21:37:11.168 ERROR 6968 --- [http-nio-8080-exec-7] o.j.e.ApiErrorAttributes                 : Throwable: null
2021-04-21 21:37:11.168 ERROR 6968 --- [http-nio-8080-exec-7] o.j.e.ApiErrorAttributes                 : Message: 
2021-04-21 21:37:11.192 ERROR 6968 --- [http-nio-8080-exec-9] o.j.e.ApiErrorAttributes                 : Ha ocurrido un error, obteniendo atributos y mensajes.
2021-04-21 21:37:11.192 ERROR 6968 --- [http-nio-8080-exec-9] o.j.e.ApiErrorAttributes                 : Status: 404
2021-04-21 21:37:11.192 ERROR 6968 --- [http-nio-8080-exec-9] o.j.e.ApiErrorAttributes                 : Throwable: null
2021-04-21 21:37:11.192 ERROR 6968 --- [http-nio-8080-exec-9] o.j.e.ApiErrorAttributes                 : Message: 
2021-04-21 21:37:29.171  WARN 6968 --- [http-nio-8080-exec-6] .w.s.m.s.DefaultHandlerExceptionResolver : Resolved [org.springframework.web.multipart.support.MissingServletRequestPartException: Required request part 'rulesPdf' is not present]
2021-04-21 21:37:29.172 ERROR 6968 --- [http-nio-8080-exec-6] o.j.e.ApiErrorAttributes                 : Ha ocurrido un error, obteniendo atributos y mensajes.
2021-04-21 21:37:29.172 ERROR 6968 --- [http-nio-8080-exec-6] o.j.e.ApiErrorAttributes                 : Status: 400
2021-04-21 21:37:29.172 ERROR 6968 --- [http-nio-8080-exec-6] o.j.e.ApiErrorAttributes                 : Throwable: org.springframework.web.multipart.support.MissingServletRequestPartException: Required request part 'rulesPdf' is not present
2021-04-21 21:37:29.173 ERROR 6968 --- [http-nio-8080-exec-6] o.j.e.ApiErrorAttributes                 : Mensaje a devolver: rulesPdf falta por añadir en los parámetros y es requerido para realizar la petición.
2021-04-21 21:37:29.173 ERROR 6968 --- [http-nio-8080-exec-6] o.j.e.ApiErrorAttributes                 : Message: rulesPdf falta por añadir en los parámetros y es requerido para realizar la petición.
2021-04-21 21:37:46.846  WARN 6968 --- [http-nio-8080-exec-10] .w.s.m.s.DefaultHandlerExceptionResolver : Resolved [org.springframework.web.multipart.support.MissingServletRequestPartException: Required request part 'rulesPdf' is not present]
2021-04-21 21:37:46.850 ERROR 6968 --- [http-nio-8080-exec-10] o.j.e.ApiErrorAttributes                 : Ha ocurrido un error, obteniendo atributos y mensajes.
2021-04-21 21:37:46.850 ERROR 6968 --- [http-nio-8080-exec-10] o.j.e.ApiErrorAttributes                 : Status: 400
2021-04-21 21:37:46.850 ERROR 6968 --- [http-nio-8080-exec-10] o.j.e.ApiErrorAttributes                 : Throwable: org.springframework.web.multipart.support.MissingServletRequestPartException: Required request part 'rulesPdf' is not present
2021-04-21 21:37:46.851 ERROR 6968 --- [http-nio-8080-exec-10] o.j.e.ApiErrorAttributes                 : Mensaje a devolver: rulesPdf falta por añadir en los parámetros y es requerido para realizar la petición.
2021-04-21 21:37:46.851 ERROR 6968 --- [http-nio-8080-exec-10] o.j.e.ApiErrorAttributes                 : Message: rulesPdf falta por añadir en los parámetros y es requerido para realizar la petición.
2021-04-21 21:38:01.258  WARN 6968 --- [http-nio-8080-exec-1] .w.s.m.s.DefaultHandlerExceptionResolver : Resolved [org.springframework.web.multipart.support.MissingServletRequestPartException: Required request part 'rulesPdf' is not present]
2021-04-21 21:38:01.261 ERROR 6968 --- [http-nio-8080-exec-1] o.j.e.ApiErrorAttributes                 : Ha ocurrido un error, obteniendo atributos y mensajes.
2021-04-21 21:38:01.261 ERROR 6968 --- [http-nio-8080-exec-1] o.j.e.ApiErrorAttributes                 : Status: 400
2021-04-21 21:38:01.262 ERROR 6968 --- [http-nio-8080-exec-1] o.j.e.ApiErrorAttributes                 : Throwable: org.springframework.web.multipart.support.MissingServletRequestPartException: Required request part 'rulesPdf' is not present
2021-04-21 21:38:01.262 ERROR 6968 --- [http-nio-8080-exec-1] o.j.e.ApiErrorAttributes                 : Mensaje a devolver: rulesPdf falta por añadir en los parámetros y es requerido para realizar la petición.
2021-04-21 21:38:01.262 ERROR 6968 --- [http-nio-8080-exec-1] o.j.e.ApiErrorAttributes                 : Message: rulesPdf falta por añadir en los parámetros y es requerido para realizar la petición.
2021-04-21 21:38:32.422  WARN 6968 --- [http-nio-8080-exec-3] .w.s.m.s.DefaultHandlerExceptionResolver : Resolved [org.springframework.web.multipart.support.MissingServletRequestPartException: Required request part 'rulesPdf' is not present]
2021-04-21 21:38:32.424 ERROR 6968 --- [http-nio-8080-exec-3] o.j.e.ApiErrorAttributes                 : Ha ocurrido un error, obteniendo atributos y mensajes.
2021-04-21 21:38:32.424 ERROR 6968 --- [http-nio-8080-exec-3] o.j.e.ApiErrorAttributes                 : Status: 400
2021-04-21 21:38:32.424 ERROR 6968 --- [http-nio-8080-exec-3] o.j.e.ApiErrorAttributes                 : Throwable: org.springframework.web.multipart.support.MissingServletRequestPartException: Required request part 'rulesPdf' is not present
2021-04-21 21:38:32.424 ERROR 6968 --- [http-nio-8080-exec-3] o.j.e.ApiErrorAttributes                 : Mensaje a devolver: rulesPdf falta por añadir en los parámetros y es requerido para realizar la petición.
2021-04-21 21:38:32.425 ERROR 6968 --- [http-nio-8080-exec-3] o.j.e.ApiErrorAttributes                 : Message: rulesPdf falta por añadir en los parámetros y es requerido para realizar la petición.
2021-04-21 21:38:57.836  WARN 6968 --- [http-nio-8080-exec-2] .w.s.m.s.DefaultHandlerExceptionResolver : Resolved [org.springframework.web.multipart.support.MissingServletRequestPartException: Required request part 'rulesPdf' is not present]
2021-04-21 21:38:57.840 ERROR 6968 --- [http-nio-8080-exec-2] o.j.e.ApiErrorAttributes                 : Ha ocurrido un error, obteniendo atributos y mensajes.
2021-04-21 21:38:57.840 ERROR 6968 --- [http-nio-8080-exec-2] o.j.e.ApiErrorAttributes                 : Status: 400
2021-04-21 21:38:57.840 ERROR 6968 --- [http-nio-8080-exec-2] o.j.e.ApiErrorAttributes                 : Throwable: org.springframework.web.multipart.support.MissingServletRequestPartException: Required request part 'rulesPdf' is not present
2021-04-21 21:38:57.840 ERROR 6968 --- [http-nio-8080-exec-2] o.j.e.ApiErrorAttributes                 : Mensaje a devolver: rulesPdf falta por añadir en los parámetros y es requerido para realizar la petición.
2021-04-21 21:38:57.841 ERROR 6968 --- [http-nio-8080-exec-2] o.j.e.ApiErrorAttributes                 : Message: rulesPdf falta por añadir en los parámetros y es requerido para realizar la petición.
2021-04-21 21:39:26.012  WARN 6968 --- [http-nio-8080-exec-4] .w.s.m.s.DefaultHandlerExceptionResolver : Resolved [org.springframework.web.multipart.support.MissingServletRequestPartException: Required request part 'rulesPdf' is not present]
2021-04-21 21:39:26.015 ERROR 6968 --- [http-nio-8080-exec-4] o.j.e.ApiErrorAttributes                 : Ha ocurrido un error, obteniendo atributos y mensajes.
2021-04-21 21:39:26.015 ERROR 6968 --- [http-nio-8080-exec-4] o.j.e.ApiErrorAttributes                 : Status: 400
2021-04-21 21:39:26.015 ERROR 6968 --- [http-nio-8080-exec-4] o.j.e.ApiErrorAttributes                 : Throwable: org.springframework.web.multipart.support.MissingServletRequestPartException: Required request part 'rulesPdf' is not present
2021-04-21 21:39:26.015 ERROR 6968 --- [http-nio-8080-exec-4] o.j.e.ApiErrorAttributes                 : Mensaje a devolver: rulesPdf falta por añadir en los parámetros y es requerido para realizar la petición.
2021-04-21 21:39:26.016 ERROR 6968 --- [http-nio-8080-exec-4] o.j.e.ApiErrorAttributes                 : Message: rulesPdf falta por añadir en los parámetros y es requerido para realizar la petición.
2021-04-21 21:39:42.813  WARN 6968 --- [http-nio-8080-exec-5] .w.s.m.s.DefaultHandlerExceptionResolver : Resolved [org.springframework.web.multipart.support.MissingServletRequestPartException: Required request part 'rulesPdf' is not present]
2021-04-21 21:39:42.816 ERROR 6968 --- [http-nio-8080-exec-5] o.j.e.ApiErrorAttributes                 : Ha ocurrido un error, obteniendo atributos y mensajes.
2021-04-21 21:39:42.816 ERROR 6968 --- [http-nio-8080-exec-5] o.j.e.ApiErrorAttributes                 : Status: 400
2021-04-21 21:39:42.816 ERROR 6968 --- [http-nio-8080-exec-5] o.j.e.ApiErrorAttributes                 : Throwable: org.springframework.web.multipart.support.MissingServletRequestPartException: Required request part 'rulesPdf' is not present
2021-04-21 21:39:42.816 ERROR 6968 --- [http-nio-8080-exec-5] o.j.e.ApiErrorAttributes                 : Mensaje a devolver: rulesPdf falta por añadir en los parámetros y es requerido para realizar la petición.
2021-04-21 21:39:42.816 ERROR 6968 --- [http-nio-8080-exec-5] o.j.e.ApiErrorAttributes                 : Message: rulesPdf falta por añadir en los parámetros y es requerido para realizar la petición.
2021-04-21 21:41:29.180  INFO 8384 --- [main] org.jeycode.ApplicationRunner            : Starting ApplicationRunner using Java 11.0.6 on LAPTOP-0FVBB724 with PID 8384 (C:\Users\JAVIER\Desktop\EClipse ACTIV\GIT_REPOSITORY\BCF_Project_Backend_RestFullAPI\target\classes started by JAVIER in C:\Users\JAVIER\Desktop\EClipse ACTIV\GIT_REPOSITORY\BCF_Project_Backend_RestFullAPI)
2021-04-21 21:41:29.183  INFO 8384 --- [main] org.jeycode.ApplicationRunner            : No active profile set, falling back to default profiles: default
2021-04-21 21:41:30.449  INFO 8384 --- [main] .s.d.r.c.RepositoryConfigurationDelegate : Bootstrapping Spring Data JPA repositories in DEFAULT mode.
2021-04-21 21:41:30.573  INFO 8384 --- [main] .s.d.r.c.RepositoryConfigurationDelegate : Finished Spring Data repository scanning in 112 ms. Found 5 JPA repository interfaces.
2021-04-21 21:41:31.527  INFO 8384 --- [main] o.s.b.w.embedded.tomcat.TomcatWebServer  : Tomcat initialized with port(s): 8080 (http)
2021-04-21 21:41:31.539  INFO 8384 --- [main] o.apache.catalina.core.StandardService   : Starting service [Tomcat]
2021-04-21 21:41:31.539  INFO 8384 --- [main] org.apache.catalina.core.StandardEngine  : Starting Servlet engine: [Apache Tomcat/9.0.43]
2021-04-21 21:41:31.654  INFO 8384 --- [main] o.a.c.c.C.[Tomcat].[localhost].[/]       : Initializing Spring embedded WebApplicationContext
2021-04-21 21:41:31.654  INFO 8384 --- [main] w.s.c.ServletWebServerApplicationContext : Root WebApplicationContext: initialization completed in 2409 ms
2021-04-21 21:41:31.701  INFO 8384 --- [main] com.zaxxer.hikari.HikariDataSource       : HikariPool-1 - Starting...
2021-04-21 21:41:32.099  INFO 8384 --- [main] com.zaxxer.hikari.HikariDataSource       : HikariPool-1 - Start completed.
2021-04-21 21:41:32.114  INFO 8384 --- [main] o.s.b.a.h2.H2ConsoleAutoConfiguration    : H2 console available at '/h2-console'. Database available at 'jdbc:h2:mem:b71a48aa-2aec-4723-89a6-40d70e284a31'
2021-04-21 21:41:32.448  INFO 8384 --- [main] o.hibernate.jpa.internal.util.LogHelper  : HHH000204: Processing PersistenceUnitInfo [name: default]
2021-04-21 21:41:32.557  INFO 8384 --- [main] org.hibernate.Version                    : HHH000412: Hibernate ORM core version 5.4.28.Final
2021-04-21 21:41:32.815  INFO 8384 --- [main] o.hibernate.annotations.common.Version   : HCANN000001: Hibernate Commons Annotations {5.1.2.Final}
2021-04-21 21:41:32.945  INFO 8384 --- [main] org.hibernate.dialect.Dialect            : HHH000400: Using dialect: org.hibernate.dialect.H2Dialect
2021-04-21 21:41:33.786  INFO 8384 --- [main] o.h.e.t.j.p.i.JtaPlatformInitiator       : HHH000490: Using JtaPlatform implementation: [org.hibernate.engine.transaction.jta.platform.internal.NoJtaPlatform]
2021-04-21 21:41:33.801  INFO 8384 --- [main] j.LocalContainerEntityManagerFactoryBean : Initialized JPA EntityManagerFactory for persistence unit 'default'
2021-04-21 21:41:34.848  INFO 8384 --- [main] o.s.s.concurrent.ThreadPoolTaskExecutor  : Initializing ExecutorService
2021-04-21 21:41:34.856  INFO 8384 --- [main] o.s.s.concurrent.ThreadPoolTaskExecutor  : Initializing ExecutorService 'sendMailServiceTaskExecutor'
2021-04-21 21:41:34.873  INFO 8384 --- [main] pertySourcedRequestMappingHandlerMapping : Mapped URL path [/v2/api-docs] onto method [springfox.documentation.swagger2.web.Swagger2Controller#getDocumentation(String, HttpServletRequest)]
2021-04-21 21:41:35.201  INFO 8384 --- [main] o.s.b.w.embedded.tomcat.TomcatWebServer  : Tomcat started on port(s): 8080 (http) with context path ''
2021-04-21 21:41:35.201  INFO 8384 --- [main] d.s.w.p.DocumentationPluginsBootstrapper : Context refreshed
2021-04-21 21:41:35.216  INFO 8384 --- [main] d.s.w.p.DocumentationPluginsBootstrapper : Found 1 custom documentation plugin(s)
2021-04-21 21:41:35.248  INFO 8384 --- [main] s.d.s.w.s.ApiListingReferenceScanner     : Scanning for api listing references
2021-04-21 21:41:35.474  INFO 8384 --- [main] org.jeycode.ApplicationRunner            : Started ApplicationRunner in 6.825 seconds (JVM running for 7.302)
2021-04-21 21:41:35.803  INFO 8384 --- [http-nio-8080-exec-1] o.a.c.c.C.[Tomcat].[localhost].[/]       : Initializing Spring DispatcherServlet 'dispatcherServlet'
2021-04-21 21:41:35.804  INFO 8384 --- [http-nio-8080-exec-1] o.s.web.servlet.DispatcherServlet        : Initializing Servlet 'dispatcherServlet'
2021-04-21 21:41:35.805  INFO 8384 --- [http-nio-8080-exec-1] o.s.web.servlet.DispatcherServlet        : Completed initialization in 1 ms
2021-04-21 21:41:36.253 ERROR 8384 --- [http-nio-8080-exec-7] o.j.e.ApiErrorAttributes                 : Ha ocurrido un error, obteniendo atributos y mensajes.
2021-04-21 21:41:36.254 ERROR 8384 --- [http-nio-8080-exec-7] o.j.e.ApiErrorAttributes                 : Status: 404
2021-04-21 21:41:36.254 ERROR 8384 --- [http-nio-8080-exec-7] o.j.e.ApiErrorAttributes                 : Throwable: null
2021-04-21 21:41:36.255 ERROR 8384 --- [http-nio-8080-exec-7] o.j.e.ApiErrorAttributes                 : Message: 
2021-04-21 21:41:36.295 ERROR 8384 --- [http-nio-8080-exec-8] o.j.e.ApiErrorAttributes                 : Ha ocurrido un error, obteniendo atributos y mensajes.
2021-04-21 21:41:36.295 ERROR 8384 --- [http-nio-8080-exec-8] o.j.e.ApiErrorAttributes                 : Status: 404
2021-04-21 21:41:36.295 ERROR 8384 --- [http-nio-8080-exec-8] o.j.e.ApiErrorAttributes                 : Throwable: null
2021-04-21 21:41:36.296 ERROR 8384 --- [http-nio-8080-exec-8] o.j.e.ApiErrorAttributes                 : Message: 
2021-04-21 21:41:57.976  INFO 8384 --- [http-nio-8080-exec-9] o.j.s.g.FileSystemStorageServiceImpl     : extensión del fichero-> pdf
2021-04-21 21:41:57.977  INFO 8384 --- [http-nio-8080-exec-9] o.j.s.g.FileSystemStorageServiceImpl     : El pdf de reglas es válido, se procede a guardar en el storage secundario.
2021-04-21 21:41:58.049  INFO 8384 --- [http-nio-8080-exec-9] o.j.s.genericservice.SendMailService     : Se inicia servicio de mail para notificar nuevas reglas establecidas.
2021-04-21 21:41:59.132 ERROR 8384 --- [http-nio-8080-exec-9] o.j.s.repositoryservice.RulesService     : Ocurrió un error no identificado al tratar de actualizar las reglas. 

org.springframework.mail.MailSendException: Failed messages: javax.mail.SendFailedException: No recipient addresses
	at org.springframework.mail.javamail.JavaMailSenderImpl.doSend(JavaMailSenderImpl.java:491) ~[spring-context-support-5.3.4.jar:5.3.4]
	at org.springframework.mail.javamail.JavaMailSenderImpl.send(JavaMailSenderImpl.java:361) ~[spring-context-support-5.3.4.jar:5.3.4]
	at org.springframework.mail.javamail.JavaMailSenderImpl.send(JavaMailSenderImpl.java:356) ~[spring-context-support-5.3.4.jar:5.3.4]
	at org.jeycode.service.genericservice.SendMailService.sendNewRulesNotificationMail(SendMailService.java:207) ~[classes/:na]
	at org.jeycode.service.genericservice.SendMailService$$FastClassBySpringCGLIB$$422fcfac.invoke(<generated>) ~[classes/:na]
	at org.springframework.cglib.proxy.MethodProxy.invoke(MethodProxy.java:218) ~[spring-core-5.3.4.jar:5.3.4]
	at org.springframework.aop.framework.CglibAopProxy$DynamicAdvisedInterceptor.intercept(CglibAopProxy.java:688) ~[spring-aop-5.3.4.jar:5.3.4]
	at org.jeycode.service.genericservice.SendMailService$$EnhancerBySpringCGLIB$$653ac34a.sendNewRulesNotificationMail(<generated>) ~[classes/:na]
	at org.jeycode.service.repositoryservice.RulesService.tryToStoreNewPdfAndNotificateAll(RulesService.java:110) ~[classes/:na]
	at org.jeycode.service.repositoryservice.RulesService.updateToDefaultRules(RulesService.java:72) ~[classes/:na]
	at org.jeycode.service.repositoryservice.RulesService$$FastClassBySpringCGLIB$$d4e34327.invoke(<generated>) ~[classes/:na]
	at org.springframework.cglib.proxy.MethodProxy.invoke(MethodProxy.java:218) ~[spring-core-5.3.4.jar:5.3.4]
	at org.springframework.aop.framework.CglibAopProxy$CglibMethodInvocation.invokeJoinpoint(CglibAopProxy.java:779) ~[spring-aop-5.3.4.jar:5.3.4]
	at org.springframework.aop.framework.ReflectiveMethodInvocation.proceed(ReflectiveMethodInvocation.java:163) ~[spring-aop-5.3.4.jar:5.3.4]
	at org.springframework.aop.framework.CglibAopProxy$CglibMethodInvocation.proceed(CglibAopProxy.java:750) ~[spring-aop-5.3.4.jar:5.3.4]
	at org.springframework.transaction.interceptor.TransactionInterceptor$1.proceedWithInvocation(TransactionInterceptor.java:123) ~[spring-tx-5.3.4.jar:5.3.4]
	at org.springframework.transaction.interceptor.TransactionAspectSupport.invokeWithinTransaction(TransactionAspectSupport.java:388) ~[spring-tx-5.3.4.jar:5.3.4]
	at org.springframework.transaction.interceptor.TransactionInterceptor.invoke(TransactionInterceptor.java:119) ~[spring-tx-5.3.4.jar:5.3.4]
	at org.springframework.aop.framework.ReflectiveMethodInvocation.proceed(ReflectiveMethodInvocation.java:186) ~[spring-aop-5.3.4.jar:5.3.4]
	at org.springframework.aop.framework.CglibAopProxy$CglibMethodInvocation.proceed(CglibAopProxy.java:750) ~[spring-aop-5.3.4.jar:5.3.4]
	at org.springframework.aop.framework.CglibAopProxy$DynamicAdvisedInterceptor.intercept(CglibAopProxy.java:692) ~[spring-aop-5.3.4.jar:5.3.4]
	at org.jeycode.service.repositoryservice.RulesService$$EnhancerBySpringCGLIB$$f0a78596.updateToDefaultRules(<generated>) ~[classes/:na]
	at org.jeycode.controllers.RulesController.updateRules(RulesController.java:53) ~[classes/:na]
	at java.base/jdk.internal.reflect.NativeMethodAccessorImpl.invoke0(Native Method) ~[na:na]
	at java.base/jdk.internal.reflect.NativeMethodAccessorImpl.invoke(NativeMethodAccessorImpl.java:62) ~[na:na]
	at java.base/jdk.internal.reflect.DelegatingMethodAccessorImpl.invoke(DelegatingMethodAccessorImpl.java:43) ~[na:na]
	at java.base/java.lang.reflect.Method.invoke(Method.java:566) ~[na:na]
	at org.springframework.web.method.support.InvocableHandlerMethod.doInvoke(InvocableHandlerMethod.java:197) ~[spring-web-5.3.4.jar:5.3.4]
	at org.springframework.web.method.support.InvocableHandlerMethod.invokeForRequest(InvocableHandlerMethod.java:141) ~[spring-web-5.3.4.jar:5.3.4]
	at org.springframework.web.servlet.mvc.method.annotation.ServletInvocableHandlerMethod.invokeAndHandle(ServletInvocableHandlerMethod.java:106) ~[spring-webmvc-5.3.4.jar:5.3.4]
	at org.springframework.web.servlet.mvc.method.annotation.RequestMappingHandlerAdapter.invokeHandlerMethod(RequestMappingHandlerAdapter.java:894) ~[spring-webmvc-5.3.4.jar:5.3.4]
	at org.springframework.web.servlet.mvc.method.annotation.RequestMappingHandlerAdapter.handleInternal(RequestMappingHandlerAdapter.java:808) ~[spring-webmvc-5.3.4.jar:5.3.4]
	at org.springframework.web.servlet.mvc.method.AbstractHandlerMethodAdapter.handle(AbstractHandlerMethodAdapter.java:87) ~[spring-webmvc-5.3.4.jar:5.3.4]
	at org.springframework.web.servlet.DispatcherServlet.doDispatch(DispatcherServlet.java:1060) ~[spring-webmvc-5.3.4.jar:5.3.4]
	at org.springframework.web.servlet.DispatcherServlet.doService(DispatcherServlet.java:962) ~[spring-webmvc-5.3.4.jar:5.3.4]
	at org.springframework.web.servlet.FrameworkServlet.processRequest(FrameworkServlet.java:1006) ~[spring-webmvc-5.3.4.jar:5.3.4]
	at org.springframework.web.servlet.FrameworkServlet.doPut(FrameworkServlet.java:920) ~[spring-webmvc-5.3.4.jar:5.3.4]
	at javax.servlet.http.HttpServlet.service(HttpServlet.java:655) ~[tomcat-embed-core-9.0.43.jar:4.0.FR]
	at org.springframework.web.servlet.FrameworkServlet.service(FrameworkServlet.java:883) ~[spring-webmvc-5.3.4.jar:5.3.4]
	at javax.servlet.http.HttpServlet.service(HttpServlet.java:733) ~[tomcat-embed-core-9.0.43.jar:4.0.FR]
	at org.apache.catalina.core.ApplicationFilterChain.internalDoFilter(ApplicationFilterChain.java:227) ~[tomcat-embed-core-9.0.43.jar:9.0.43]
	at org.apache.catalina.core.ApplicationFilterChain.doFilter(ApplicationFilterChain.java:162) ~[tomcat-embed-core-9.0.43.jar:9.0.43]
	at org.apache.tomcat.websocket.server.WsFilter.doFilter(WsFilter.java:53) ~[tomcat-embed-websocket-9.0.43.jar:9.0.43]
	at org.apache.catalina.core.ApplicationFilterChain.internalDoFilter(ApplicationFilterChain.java:189) ~[tomcat-embed-core-9.0.43.jar:9.0.43]
	at org.apache.catalina.core.ApplicationFilterChain.doFilter(ApplicationFilterChain.java:162) ~[tomcat-embed-core-9.0.43.jar:9.0.43]
	at org.springframework.web.filter.RequestContextFilter.doFilterInternal(RequestContextFilter.java:100) ~[spring-web-5.3.4.jar:5.3.4]
	at org.springframework.web.filter.OncePerRequestFilter.doFilter(OncePerRequestFilter.java:119) ~[spring-web-5.3.4.jar:5.3.4]
	at org.apache.catalina.core.ApplicationFilterChain.internalDoFilter(ApplicationFilterChain.java:189) ~[tomcat-embed-core-9.0.43.jar:9.0.43]
	at org.apache.catalina.core.ApplicationFilterChain.doFilter(ApplicationFilterChain.java:162) ~[tomcat-embed-core-9.0.43.jar:9.0.43]
	at org.springframework.web.filter.FormContentFilter.doFilterInternal(FormContentFilter.java:93) ~[spring-web-5.3.4.jar:5.3.4]
	at org.springframework.web.filter.OncePerRequestFilter.doFilter(OncePerRequestFilter.java:119) ~[spring-web-5.3.4.jar:5.3.4]
	at org.apache.catalina.core.ApplicationFilterChain.internalDoFilter(ApplicationFilterChain.java:189) ~[tomcat-embed-core-9.0.43.jar:9.0.43]
	at org.apache.catalina.core.ApplicationFilterChain.doFilter(ApplicationFilterChain.java:162) ~[tomcat-embed-core-9.0.43.jar:9.0.43]
	at org.springframework.web.filter.CharacterEncodingFilter.doFilterInternal(CharacterEncodingFilter.java:201) ~[spring-web-5.3.4.jar:5.3.4]
	at org.springframework.web.filter.OncePerRequestFilter.doFilter(OncePerRequestFilter.java:119) ~[spring-web-5.3.4.jar:5.3.4]
	at org.apache.catalina.core.ApplicationFilterChain.internalDoFilter(ApplicationFilterChain.java:189) ~[tomcat-embed-core-9.0.43.jar:9.0.43]
	at org.apache.catalina.core.ApplicationFilterChain.doFilter(ApplicationFilterChain.java:162) ~[tomcat-embed-core-9.0.43.jar:9.0.43]
	at org.apache.catalina.core.StandardWrapperValve.invoke(StandardWrapperValve.java:202) ~[tomcat-embed-core-9.0.43.jar:9.0.43]
	at org.apache.catalina.core.StandardContextValve.invoke(StandardContextValve.java:97) ~[tomcat-embed-core-9.0.43.jar:9.0.43]
	at org.apache.catalina.authenticator.AuthenticatorBase.invoke(AuthenticatorBase.java:542) ~[tomcat-embed-core-9.0.43.jar:9.0.43]
	at org.apache.catalina.core.StandardHostValve.invoke(StandardHostValve.java:143) ~[tomcat-embed-core-9.0.43.jar:9.0.43]
	at org.apache.catalina.valves.ErrorReportValve.invoke(ErrorReportValve.java:92) ~[tomcat-embed-core-9.0.43.jar:9.0.43]
	at org.apache.catalina.core.StandardEngineValve.invoke(StandardEngineValve.java:78) ~[tomcat-embed-core-9.0.43.jar:9.0.43]
	at org.apache.catalina.connector.CoyoteAdapter.service(CoyoteAdapter.java:346) ~[tomcat-embed-core-9.0.43.jar:9.0.43]
	at org.apache.coyote.http11.Http11Processor.service(Http11Processor.java:374) ~[tomcat-embed-core-9.0.43.jar:9.0.43]
	at org.apache.coyote.AbstractProcessorLight.process(AbstractProcessorLight.java:65) ~[tomcat-embed-core-9.0.43.jar:9.0.43]
	at org.apache.coyote.AbstractProtocol$ConnectionHandler.process(AbstractProtocol.java:887) ~[tomcat-embed-core-9.0.43.jar:9.0.43]
	at org.apache.tomcat.util.net.NioEndpoint$SocketProcessor.doRun(NioEndpoint.java:1684) ~[tomcat-embed-core-9.0.43.jar:9.0.43]
	at org.apache.tomcat.util.net.SocketProcessorBase.run(SocketProcessorBase.java:49) ~[tomcat-embed-core-9.0.43.jar:9.0.43]
	at java.base/java.util.concurrent.ThreadPoolExecutor.runWorker(ThreadPoolExecutor.java:1128) ~[na:na]
	at java.base/java.util.concurrent.ThreadPoolExecutor$Worker.run(ThreadPoolExecutor.java:628) ~[na:na]
	at org.apache.tomcat.util.threads.TaskThread$WrappingRunnable.run(TaskThread.java:61) ~[tomcat-embed-core-9.0.43.jar:9.0.43]
	at java.base/java.lang.Thread.run(Thread.java:834) ~[na:na]

2021-04-21 21:41:59.141 ERROR 8384 --- [http-nio-8080-exec-9] o.j.e.ApiErrorAttributes                 : Ha ocurrido un error, obteniendo atributos y mensajes.
2021-04-21 21:41:59.142 ERROR 8384 --- [http-nio-8080-exec-9] o.j.e.ApiErrorAttributes                 : Status: 500
2021-04-21 21:41:59.142 ERROR 8384 --- [http-nio-8080-exec-9] o.j.e.ApiErrorAttributes                 : Throwable: org.springframework.web.server.ResponseStatusException: 500 INTERNAL_SERVER_ERROR "Ocurrió un error no identificado al tratar de actualizar las reglas. "
2021-04-21 21:41:59.143 ERROR 8384 --- [http-nio-8080-exec-9] o.j.e.ApiErrorAttributes                 : Mensaje a devolver: Ocurrió un error no identificado al tratar de actualizar las reglas. 
2021-04-21 21:41:59.143 ERROR 8384 --- [http-nio-8080-exec-9] o.j.e.ApiErrorAttributes                 : Message: Ocurrió un error no identificado al tratar de actualizar las reglas. 
2021-04-21 21:44:08.035  INFO 1720 --- [main] org.jeycode.ApplicationRunner            : Starting ApplicationRunner using Java 11.0.6 on LAPTOP-0FVBB724 with PID 1720 (C:\Users\JAVIER\Desktop\EClipse ACTIV\GIT_REPOSITORY\BCF_Project_Backend_RestFullAPI\target\classes started by JAVIER in C:\Users\JAVIER\Desktop\EClipse ACTIV\GIT_REPOSITORY\BCF_Project_Backend_RestFullAPI)
2021-04-21 21:44:08.039  INFO 1720 --- [main] org.jeycode.ApplicationRunner            : No active profile set, falling back to default profiles: default
2021-04-21 21:44:09.161  INFO 1720 --- [main] .s.d.r.c.RepositoryConfigurationDelegate : Bootstrapping Spring Data JPA repositories in DEFAULT mode.
2021-04-21 21:44:09.313  INFO 1720 --- [main] .s.d.r.c.RepositoryConfigurationDelegate : Finished Spring Data repository scanning in 142 ms. Found 5 JPA repository interfaces.
2021-04-21 21:44:10.272  INFO 1720 --- [main] o.s.b.w.embedded.tomcat.TomcatWebServer  : Tomcat initialized with port(s): 8080 (http)
2021-04-21 21:44:10.285  INFO 1720 --- [main] o.apache.catalina.core.StandardService   : Starting service [Tomcat]
2021-04-21 21:44:10.285  INFO 1720 --- [main] org.apache.catalina.core.StandardEngine  : Starting Servlet engine: [Apache Tomcat/9.0.43]
2021-04-21 21:44:10.389  INFO 1720 --- [main] o.a.c.c.C.[Tomcat].[localhost].[/]       : Initializing Spring embedded WebApplicationContext
2021-04-21 21:44:10.390  INFO 1720 --- [main] w.s.c.ServletWebServerApplicationContext : Root WebApplicationContext: initialization completed in 2298 ms
2021-04-21 21:44:10.451  INFO 1720 --- [main] com.zaxxer.hikari.HikariDataSource       : HikariPool-1 - Starting...
2021-04-21 21:44:10.670  INFO 1720 --- [main] com.zaxxer.hikari.HikariDataSource       : HikariPool-1 - Start completed.
2021-04-21 21:44:10.677  INFO 1720 --- [main] o.s.b.a.h2.H2ConsoleAutoConfiguration    : H2 console available at '/h2-console'. Database available at 'jdbc:h2:mem:165fb85b-5820-4804-84ee-0066ea4ce69b'
2021-04-21 21:44:10.852  INFO 1720 --- [main] o.hibernate.jpa.internal.util.LogHelper  : HHH000204: Processing PersistenceUnitInfo [name: default]
2021-04-21 21:44:10.909  INFO 1720 --- [main] org.hibernate.Version                    : HHH000412: Hibernate ORM core version 5.4.28.Final
2021-04-21 21:44:11.063  INFO 1720 --- [main] o.hibernate.annotations.common.Version   : HCANN000001: Hibernate Commons Annotations {5.1.2.Final}
2021-04-21 21:44:11.329  INFO 1720 --- [main] org.hibernate.dialect.Dialect            : HHH000400: Using dialect: org.hibernate.dialect.H2Dialect
2021-04-21 21:44:12.485  INFO 1720 --- [main] o.h.e.t.j.p.i.JtaPlatformInitiator       : HHH000490: Using JtaPlatform implementation: [org.hibernate.engine.transaction.jta.platform.internal.NoJtaPlatform]
2021-04-21 21:44:12.501  INFO 1720 --- [main] j.LocalContainerEntityManagerFactoryBean : Initialized JPA EntityManagerFactory for persistence unit 'default'
2021-04-21 21:44:13.576  INFO 1720 --- [main] o.s.s.concurrent.ThreadPoolTaskExecutor  : Initializing ExecutorService
2021-04-21 21:44:13.583  INFO 1720 --- [main] o.s.s.concurrent.ThreadPoolTaskExecutor  : Initializing ExecutorService 'sendMailServiceTaskExecutor'
2021-04-21 21:44:13.600  INFO 1720 --- [main] pertySourcedRequestMappingHandlerMapping : Mapped URL path [/v2/api-docs] onto method [springfox.documentation.swagger2.web.Swagger2Controller#getDocumentation(String, HttpServletRequest)]
2021-04-21 21:44:13.897  INFO 1720 --- [main] o.s.b.w.embedded.tomcat.TomcatWebServer  : Tomcat started on port(s): 8080 (http) with context path ''
2021-04-21 21:44:13.897  INFO 1720 --- [main] d.s.w.p.DocumentationPluginsBootstrapper : Context refreshed
2021-04-21 21:44:13.928  INFO 1720 --- [main] d.s.w.p.DocumentationPluginsBootstrapper : Found 1 custom documentation plugin(s)
2021-04-21 21:44:13.959  INFO 1720 --- [main] s.d.s.w.s.ApiListingReferenceScanner     : Scanning for api listing references
2021-04-21 21:44:14.201  INFO 1720 --- [main] org.jeycode.ApplicationRunner            : Started ApplicationRunner in 6.661 seconds (JVM running for 7.134)
2021-04-21 21:44:19.833  INFO 1720 --- [http-nio-8080-exec-1] o.a.c.c.C.[Tomcat].[localhost].[/]       : Initializing Spring DispatcherServlet 'dispatcherServlet'
2021-04-21 21:44:19.835  INFO 1720 --- [http-nio-8080-exec-1] o.s.web.servlet.DispatcherServlet        : Initializing Servlet 'dispatcherServlet'
2021-04-21 21:44:19.836  INFO 1720 --- [http-nio-8080-exec-1] o.s.web.servlet.DispatcherServlet        : Completed initialization in 1 ms
2021-04-21 21:44:19.921  INFO 1720 --- [http-nio-8080-exec-1] o.j.s.g.FileSystemStorageServiceImpl     : extensión del fichero-> pdf
2021-04-21 21:44:19.922  INFO 1720 --- [http-nio-8080-exec-1] o.j.s.g.FileSystemStorageServiceImpl     : El pdf de reglas es válido, se procede a guardar en el storage secundario.
2021-04-21 21:44:20.032  INFO 1720 --- [http-nio-8080-exec-1] o.j.s.repositoryservice.RulesService     : Existen correos de usuarios activos, por lo que se les va a enviar notificación.
2021-04-21 21:44:20.039  INFO 1720 --- [http-nio-8080-exec-1] o.j.s.genericservice.SendMailService     : Se inicia servicio de mail para notificar nuevas reglas establecidas.
2021-04-21 21:44:21.742 ERROR 1720 --- [http-nio-8080-exec-1] o.j.s.repositoryservice.RulesService     : Ocurrió un error no identificado al tratar de actualizar las reglas. 

org.springframework.mail.MailSendException: Failed messages: javax.mail.SendFailedException: No recipient addresses
	at org.springframework.mail.javamail.JavaMailSenderImpl.doSend(JavaMailSenderImpl.java:491) ~[spring-context-support-5.3.4.jar:5.3.4]
	at org.springframework.mail.javamail.JavaMailSenderImpl.send(JavaMailSenderImpl.java:361) ~[spring-context-support-5.3.4.jar:5.3.4]
	at org.springframework.mail.javamail.JavaMailSenderImpl.send(JavaMailSenderImpl.java:356) ~[spring-context-support-5.3.4.jar:5.3.4]
	at org.jeycode.service.genericservice.SendMailService.sendNewRulesNotificationMail(SendMailService.java:207) ~[classes/:na]
	at org.jeycode.service.genericservice.SendMailService$$FastClassBySpringCGLIB$$422fcfac.invoke(<generated>) ~[classes/:na]
	at org.springframework.cglib.proxy.MethodProxy.invoke(MethodProxy.java:218) ~[spring-core-5.3.4.jar:5.3.4]
	at org.springframework.aop.framework.CglibAopProxy$DynamicAdvisedInterceptor.intercept(CglibAopProxy.java:688) ~[spring-aop-5.3.4.jar:5.3.4]
	at org.jeycode.service.genericservice.SendMailService$$EnhancerBySpringCGLIB$$6777129e.sendNewRulesNotificationMail(<generated>) ~[classes/:na]
	at org.jeycode.service.repositoryservice.RulesService.tryToStoreNewPdfAndNotificateAll(RulesService.java:114) ~[classes/:na]
	at org.jeycode.service.repositoryservice.RulesService.updateToDefaultRules(RulesService.java:72) ~[classes/:na]
	at org.jeycode.service.repositoryservice.RulesService$$FastClassBySpringCGLIB$$d4e34327.invoke(<generated>) ~[classes/:na]
	at org.springframework.cglib.proxy.MethodProxy.invoke(MethodProxy.java:218) ~[spring-core-5.3.4.jar:5.3.4]
	at org.springframework.aop.framework.CglibAopProxy$CglibMethodInvocation.invokeJoinpoint(CglibAopProxy.java:779) ~[spring-aop-5.3.4.jar:5.3.4]
	at org.springframework.aop.framework.ReflectiveMethodInvocation.proceed(ReflectiveMethodInvocation.java:163) ~[spring-aop-5.3.4.jar:5.3.4]
	at org.springframework.aop.framework.CglibAopProxy$CglibMethodInvocation.proceed(CglibAopProxy.java:750) ~[spring-aop-5.3.4.jar:5.3.4]
	at org.springframework.transaction.interceptor.TransactionInterceptor$1.proceedWithInvocation(TransactionInterceptor.java:123) ~[spring-tx-5.3.4.jar:5.3.4]
	at org.springframework.transaction.interceptor.TransactionAspectSupport.invokeWithinTransaction(TransactionAspectSupport.java:388) ~[spring-tx-5.3.4.jar:5.3.4]
	at org.springframework.transaction.interceptor.TransactionInterceptor.invoke(TransactionInterceptor.java:119) ~[spring-tx-5.3.4.jar:5.3.4]
	at org.springframework.aop.framework.ReflectiveMethodInvocation.proceed(ReflectiveMethodInvocation.java:186) ~[spring-aop-5.3.4.jar:5.3.4]
	at org.springframework.aop.framework.CglibAopProxy$CglibMethodInvocation.proceed(CglibAopProxy.java:750) ~[spring-aop-5.3.4.jar:5.3.4]
	at org.springframework.aop.framework.CglibAopProxy$DynamicAdvisedInterceptor.intercept(CglibAopProxy.java:692) ~[spring-aop-5.3.4.jar:5.3.4]
	at org.jeycode.service.repositoryservice.RulesService$$EnhancerBySpringCGLIB$$ef73416f.updateToDefaultRules(<generated>) ~[classes/:na]
	at org.jeycode.controllers.RulesController.updateRules(RulesController.java:53) ~[classes/:na]
	at java.base/jdk.internal.reflect.NativeMethodAccessorImpl.invoke0(Native Method) ~[na:na]
	at java.base/jdk.internal.reflect.NativeMethodAccessorImpl.invoke(NativeMethodAccessorImpl.java:62) ~[na:na]
	at java.base/jdk.internal.reflect.DelegatingMethodAccessorImpl.invoke(DelegatingMethodAccessorImpl.java:43) ~[na:na]
	at java.base/java.lang.reflect.Method.invoke(Method.java:566) ~[na:na]
	at org.springframework.web.method.support.InvocableHandlerMethod.doInvoke(InvocableHandlerMethod.java:197) ~[spring-web-5.3.4.jar:5.3.4]
	at org.springframework.web.method.support.InvocableHandlerMethod.invokeForRequest(InvocableHandlerMethod.java:141) ~[spring-web-5.3.4.jar:5.3.4]
	at org.springframework.web.servlet.mvc.method.annotation.ServletInvocableHandlerMethod.invokeAndHandle(ServletInvocableHandlerMethod.java:106) ~[spring-webmvc-5.3.4.jar:5.3.4]
	at org.springframework.web.servlet.mvc.method.annotation.RequestMappingHandlerAdapter.invokeHandlerMethod(RequestMappingHandlerAdapter.java:894) ~[spring-webmvc-5.3.4.jar:5.3.4]
	at org.springframework.web.servlet.mvc.method.annotation.RequestMappingHandlerAdapter.handleInternal(RequestMappingHandlerAdapter.java:808) ~[spring-webmvc-5.3.4.jar:5.3.4]
	at org.springframework.web.servlet.mvc.method.AbstractHandlerMethodAdapter.handle(AbstractHandlerMethodAdapter.java:87) ~[spring-webmvc-5.3.4.jar:5.3.4]
	at org.springframework.web.servlet.DispatcherServlet.doDispatch(DispatcherServlet.java:1060) ~[spring-webmvc-5.3.4.jar:5.3.4]
	at org.springframework.web.servlet.DispatcherServlet.doService(DispatcherServlet.java:962) ~[spring-webmvc-5.3.4.jar:5.3.4]
	at org.springframework.web.servlet.FrameworkServlet.processRequest(FrameworkServlet.java:1006) ~[spring-webmvc-5.3.4.jar:5.3.4]
	at org.springframework.web.servlet.FrameworkServlet.doPut(FrameworkServlet.java:920) ~[spring-webmvc-5.3.4.jar:5.3.4]
	at javax.servlet.http.HttpServlet.service(HttpServlet.java:655) ~[tomcat-embed-core-9.0.43.jar:4.0.FR]
	at org.springframework.web.servlet.FrameworkServlet.service(FrameworkServlet.java:883) ~[spring-webmvc-5.3.4.jar:5.3.4]
	at javax.servlet.http.HttpServlet.service(HttpServlet.java:733) ~[tomcat-embed-core-9.0.43.jar:4.0.FR]
	at org.apache.catalina.core.ApplicationFilterChain.internalDoFilter(ApplicationFilterChain.java:227) ~[tomcat-embed-core-9.0.43.jar:9.0.43]
	at org.apache.catalina.core.ApplicationFilterChain.doFilter(ApplicationFilterChain.java:162) ~[tomcat-embed-core-9.0.43.jar:9.0.43]
	at org.apache.tomcat.websocket.server.WsFilter.doFilter(WsFilter.java:53) ~[tomcat-embed-websocket-9.0.43.jar:9.0.43]
	at org.apache.catalina.core.ApplicationFilterChain.internalDoFilter(ApplicationFilterChain.java:189) ~[tomcat-embed-core-9.0.43.jar:9.0.43]
	at org.apache.catalina.core.ApplicationFilterChain.doFilter(ApplicationFilterChain.java:162) ~[tomcat-embed-core-9.0.43.jar:9.0.43]
	at org.springframework.web.filter.RequestContextFilter.doFilterInternal(RequestContextFilter.java:100) ~[spring-web-5.3.4.jar:5.3.4]
	at org.springframework.web.filter.OncePerRequestFilter.doFilter(OncePerRequestFilter.java:119) ~[spring-web-5.3.4.jar:5.3.4]
	at org.apache.catalina.core.ApplicationFilterChain.internalDoFilter(ApplicationFilterChain.java:189) ~[tomcat-embed-core-9.0.43.jar:9.0.43]
	at org.apache.catalina.core.ApplicationFilterChain.doFilter(ApplicationFilterChain.java:162) ~[tomcat-embed-core-9.0.43.jar:9.0.43]
	at org.springframework.web.filter.FormContentFilter.doFilterInternal(FormContentFilter.java:93) ~[spring-web-5.3.4.jar:5.3.4]
	at org.springframework.web.filter.OncePerRequestFilter.doFilter(OncePerRequestFilter.java:119) ~[spring-web-5.3.4.jar:5.3.4]
	at org.apache.catalina.core.ApplicationFilterChain.internalDoFilter(ApplicationFilterChain.java:189) ~[tomcat-embed-core-9.0.43.jar:9.0.43]
	at org.apache.catalina.core.ApplicationFilterChain.doFilter(ApplicationFilterChain.java:162) ~[tomcat-embed-core-9.0.43.jar:9.0.43]
	at org.springframework.web.filter.CharacterEncodingFilter.doFilterInternal(CharacterEncodingFilter.java:201) ~[spring-web-5.3.4.jar:5.3.4]
	at org.springframework.web.filter.OncePerRequestFilter.doFilter(OncePerRequestFilter.java:119) ~[spring-web-5.3.4.jar:5.3.4]
	at org.apache.catalina.core.ApplicationFilterChain.internalDoFilter(ApplicationFilterChain.java:189) ~[tomcat-embed-core-9.0.43.jar:9.0.43]
	at org.apache.catalina.core.ApplicationFilterChain.doFilter(ApplicationFilterChain.java:162) ~[tomcat-embed-core-9.0.43.jar:9.0.43]
	at org.apache.catalina.core.StandardWrapperValve.invoke(StandardWrapperValve.java:202) ~[tomcat-embed-core-9.0.43.jar:9.0.43]
	at org.apache.catalina.core.StandardContextValve.invoke(StandardContextValve.java:97) ~[tomcat-embed-core-9.0.43.jar:9.0.43]
	at org.apache.catalina.authenticator.AuthenticatorBase.invoke(AuthenticatorBase.java:542) ~[tomcat-embed-core-9.0.43.jar:9.0.43]
	at org.apache.catalina.core.StandardHostValve.invoke(StandardHostValve.java:143) ~[tomcat-embed-core-9.0.43.jar:9.0.43]
	at org.apache.catalina.valves.ErrorReportValve.invoke(ErrorReportValve.java:92) ~[tomcat-embed-core-9.0.43.jar:9.0.43]
	at org.apache.catalina.core.StandardEngineValve.invoke(StandardEngineValve.java:78) ~[tomcat-embed-core-9.0.43.jar:9.0.43]
	at org.apache.catalina.connector.CoyoteAdapter.service(CoyoteAdapter.java:346) ~[tomcat-embed-core-9.0.43.jar:9.0.43]
	at org.apache.coyote.http11.Http11Processor.service(Http11Processor.java:374) ~[tomcat-embed-core-9.0.43.jar:9.0.43]
	at org.apache.coyote.AbstractProcessorLight.process(AbstractProcessorLight.java:65) ~[tomcat-embed-core-9.0.43.jar:9.0.43]
	at org.apache.coyote.AbstractProtocol$ConnectionHandler.process(AbstractProtocol.java:887) ~[tomcat-embed-core-9.0.43.jar:9.0.43]
	at org.apache.tomcat.util.net.NioEndpoint$SocketProcessor.doRun(NioEndpoint.java:1684) ~[tomcat-embed-core-9.0.43.jar:9.0.43]
	at org.apache.tomcat.util.net.SocketProcessorBase.run(SocketProcessorBase.java:49) ~[tomcat-embed-core-9.0.43.jar:9.0.43]
	at java.base/java.util.concurrent.ThreadPoolExecutor.runWorker(ThreadPoolExecutor.java:1128) ~[na:na]
	at java.base/java.util.concurrent.ThreadPoolExecutor$Worker.run(ThreadPoolExecutor.java:628) ~[na:na]
	at org.apache.tomcat.util.threads.TaskThread$WrappingRunnable.run(TaskThread.java:61) ~[tomcat-embed-core-9.0.43.jar:9.0.43]
	at java.base/java.lang.Thread.run(Thread.java:834) ~[na:na]

2021-04-21 21:44:21.759 ERROR 1720 --- [http-nio-8080-exec-1] o.j.e.ApiErrorAttributes                 : Ha ocurrido un error, obteniendo atributos y mensajes.
2021-04-21 21:44:21.759 ERROR 1720 --- [http-nio-8080-exec-1] o.j.e.ApiErrorAttributes                 : Status: 500
2021-04-21 21:44:21.760 ERROR 1720 --- [http-nio-8080-exec-1] o.j.e.ApiErrorAttributes                 : Throwable: org.springframework.web.server.ResponseStatusException: 500 INTERNAL_SERVER_ERROR "Ocurrió un error no identificado al tratar de actualizar las reglas. "
2021-04-21 21:44:21.760 ERROR 1720 --- [http-nio-8080-exec-1] o.j.e.ApiErrorAttributes                 : Mensaje a devolver: Ocurrió un error no identificado al tratar de actualizar las reglas. 
2021-04-21 21:44:21.760 ERROR 1720 --- [http-nio-8080-exec-1] o.j.e.ApiErrorAttributes                 : Message: Ocurrió un error no identificado al tratar de actualizar las reglas. 
2021-04-21 21:44:35.227 ERROR 1720 --- [http-nio-8080-exec-8] o.j.e.ApiErrorAttributes                 : Ha ocurrido un error, obteniendo atributos y mensajes.
2021-04-21 21:44:35.228 ERROR 1720 --- [http-nio-8080-exec-8] o.j.e.ApiErrorAttributes                 : Status: 404
2021-04-21 21:44:35.228 ERROR 1720 --- [http-nio-8080-exec-8] o.j.e.ApiErrorAttributes                 : Throwable: null
2021-04-21 21:44:35.228 ERROR 1720 --- [http-nio-8080-exec-8] o.j.e.ApiErrorAttributes                 : Message: 
2021-04-21 21:44:35.243 ERROR 1720 --- [http-nio-8080-exec-9] o.j.e.ApiErrorAttributes                 : Ha ocurrido un error, obteniendo atributos y mensajes.
2021-04-21 21:44:35.244 ERROR 1720 --- [http-nio-8080-exec-9] o.j.e.ApiErrorAttributes                 : Status: 404
2021-04-21 21:44:35.244 ERROR 1720 --- [http-nio-8080-exec-9] o.j.e.ApiErrorAttributes                 : Throwable: null
2021-04-21 21:44:35.244 ERROR 1720 --- [http-nio-8080-exec-9] o.j.e.ApiErrorAttributes                 : Message: 
2021-04-21 21:44:44.579  INFO 1720 --- [http-nio-8080-exec-10] o.j.s.g.FileSystemStorageServiceImpl     : extensión del fichero-> pdf
2021-04-21 21:44:44.580  INFO 1720 --- [http-nio-8080-exec-10] o.j.s.g.FileSystemStorageServiceImpl     : El pdf de reglas es válido, se procede a guardar en el storage secundario.
2021-04-21 21:44:44.583  INFO 1720 --- [http-nio-8080-exec-10] o.j.s.repositoryservice.RulesService     : Existen correos de usuarios activos, por lo que se les va a enviar notificación.
2021-04-21 21:44:44.584  INFO 1720 --- [http-nio-8080-exec-10] o.j.s.genericservice.SendMailService     : Se inicia servicio de mail para notificar nuevas reglas establecidas.
2021-04-21 21:44:45.274 ERROR 1720 --- [http-nio-8080-exec-10] o.j.s.repositoryservice.RulesService     : Ocurrió un error no identificado al tratar de actualizar las reglas. 

org.springframework.mail.MailSendException: Failed messages: javax.mail.SendFailedException: No recipient addresses
	at org.springframework.mail.javamail.JavaMailSenderImpl.doSend(JavaMailSenderImpl.java:491) ~[spring-context-support-5.3.4.jar:5.3.4]
	at org.springframework.mail.javamail.JavaMailSenderImpl.send(JavaMailSenderImpl.java:361) ~[spring-context-support-5.3.4.jar:5.3.4]
	at org.springframework.mail.javamail.JavaMailSenderImpl.send(JavaMailSenderImpl.java:356) ~[spring-context-support-5.3.4.jar:5.3.4]
	at org.jeycode.service.genericservice.SendMailService.sendNewRulesNotificationMail(SendMailService.java:207) ~[classes/:na]
	at org.jeycode.service.genericservice.SendMailService$$FastClassBySpringCGLIB$$422fcfac.invoke(<generated>) ~[classes/:na]
	at org.springframework.cglib.proxy.MethodProxy.invoke(MethodProxy.java:218) ~[spring-core-5.3.4.jar:5.3.4]
	at org.springframework.aop.framework.CglibAopProxy$DynamicAdvisedInterceptor.intercept(CglibAopProxy.java:688) ~[spring-aop-5.3.4.jar:5.3.4]
	at org.jeycode.service.genericservice.SendMailService$$EnhancerBySpringCGLIB$$6777129e.sendNewRulesNotificationMail(<generated>) ~[classes/:na]
	at org.jeycode.service.repositoryservice.RulesService.tryToStoreNewPdfAndNotificateAll(RulesService.java:114) ~[classes/:na]
	at org.jeycode.service.repositoryservice.RulesService.updateToDefaultRules(RulesService.java:72) ~[classes/:na]
	at org.jeycode.service.repositoryservice.RulesService$$FastClassBySpringCGLIB$$d4e34327.invoke(<generated>) ~[classes/:na]
	at org.springframework.cglib.proxy.MethodProxy.invoke(MethodProxy.java:218) ~[spring-core-5.3.4.jar:5.3.4]
	at org.springframework.aop.framework.CglibAopProxy$CglibMethodInvocation.invokeJoinpoint(CglibAopProxy.java:779) ~[spring-aop-5.3.4.jar:5.3.4]
	at org.springframework.aop.framework.ReflectiveMethodInvocation.proceed(ReflectiveMethodInvocation.java:163) ~[spring-aop-5.3.4.jar:5.3.4]
	at org.springframework.aop.framework.CglibAopProxy$CglibMethodInvocation.proceed(CglibAopProxy.java:750) ~[spring-aop-5.3.4.jar:5.3.4]
	at org.springframework.transaction.interceptor.TransactionInterceptor$1.proceedWithInvocation(TransactionInterceptor.java:123) ~[spring-tx-5.3.4.jar:5.3.4]
	at org.springframework.transaction.interceptor.TransactionAspectSupport.invokeWithinTransaction(TransactionAspectSupport.java:388) ~[spring-tx-5.3.4.jar:5.3.4]
	at org.springframework.transaction.interceptor.TransactionInterceptor.invoke(TransactionInterceptor.java:119) ~[spring-tx-5.3.4.jar:5.3.4]
	at org.springframework.aop.framework.ReflectiveMethodInvocation.proceed(ReflectiveMethodInvocation.java:186) ~[spring-aop-5.3.4.jar:5.3.4]
	at org.springframework.aop.framework.CglibAopProxy$CglibMethodInvocation.proceed(CglibAopProxy.java:750) ~[spring-aop-5.3.4.jar:5.3.4]
	at org.springframework.aop.framework.CglibAopProxy$DynamicAdvisedInterceptor.intercept(CglibAopProxy.java:692) ~[spring-aop-5.3.4.jar:5.3.4]
	at org.jeycode.service.repositoryservice.RulesService$$EnhancerBySpringCGLIB$$ef73416f.updateToDefaultRules(<generated>) ~[classes/:na]
	at org.jeycode.controllers.RulesController.updateRules(RulesController.java:53) ~[classes/:na]
	at java.base/jdk.internal.reflect.NativeMethodAccessorImpl.invoke0(Native Method) ~[na:na]
	at java.base/jdk.internal.reflect.NativeMethodAccessorImpl.invoke(NativeMethodAccessorImpl.java:62) ~[na:na]
	at java.base/jdk.internal.reflect.DelegatingMethodAccessorImpl.invoke(DelegatingMethodAccessorImpl.java:43) ~[na:na]
	at java.base/java.lang.reflect.Method.invoke(Method.java:566) ~[na:na]
	at org.springframework.web.method.support.InvocableHandlerMethod.doInvoke(InvocableHandlerMethod.java:197) ~[spring-web-5.3.4.jar:5.3.4]
	at org.springframework.web.method.support.InvocableHandlerMethod.invokeForRequest(InvocableHandlerMethod.java:141) ~[spring-web-5.3.4.jar:5.3.4]
	at org.springframework.web.servlet.mvc.method.annotation.ServletInvocableHandlerMethod.invokeAndHandle(ServletInvocableHandlerMethod.java:106) ~[spring-webmvc-5.3.4.jar:5.3.4]
	at org.springframework.web.servlet.mvc.method.annotation.RequestMappingHandlerAdapter.invokeHandlerMethod(RequestMappingHandlerAdapter.java:894) ~[spring-webmvc-5.3.4.jar:5.3.4]
	at org.springframework.web.servlet.mvc.method.annotation.RequestMappingHandlerAdapter.handleInternal(RequestMappingHandlerAdapter.java:808) ~[spring-webmvc-5.3.4.jar:5.3.4]
	at org.springframework.web.servlet.mvc.method.AbstractHandlerMethodAdapter.handle(AbstractHandlerMethodAdapter.java:87) ~[spring-webmvc-5.3.4.jar:5.3.4]
	at org.springframework.web.servlet.DispatcherServlet.doDispatch(DispatcherServlet.java:1060) ~[spring-webmvc-5.3.4.jar:5.3.4]
	at org.springframework.web.servlet.DispatcherServlet.doService(DispatcherServlet.java:962) ~[spring-webmvc-5.3.4.jar:5.3.4]
	at org.springframework.web.servlet.FrameworkServlet.processRequest(FrameworkServlet.java:1006) ~[spring-webmvc-5.3.4.jar:5.3.4]
	at org.springframework.web.servlet.FrameworkServlet.doPut(FrameworkServlet.java:920) ~[spring-webmvc-5.3.4.jar:5.3.4]
	at javax.servlet.http.HttpServlet.service(HttpServlet.java:655) ~[tomcat-embed-core-9.0.43.jar:4.0.FR]
	at org.springframework.web.servlet.FrameworkServlet.service(FrameworkServlet.java:883) ~[spring-webmvc-5.3.4.jar:5.3.4]
	at javax.servlet.http.HttpServlet.service(HttpServlet.java:733) ~[tomcat-embed-core-9.0.43.jar:4.0.FR]
	at org.apache.catalina.core.ApplicationFilterChain.internalDoFilter(ApplicationFilterChain.java:227) ~[tomcat-embed-core-9.0.43.jar:9.0.43]
	at org.apache.catalina.core.ApplicationFilterChain.doFilter(ApplicationFilterChain.java:162) ~[tomcat-embed-core-9.0.43.jar:9.0.43]
	at org.apache.tomcat.websocket.server.WsFilter.doFilter(WsFilter.java:53) ~[tomcat-embed-websocket-9.0.43.jar:9.0.43]
	at org.apache.catalina.core.ApplicationFilterChain.internalDoFilter(ApplicationFilterChain.java:189) ~[tomcat-embed-core-9.0.43.jar:9.0.43]
	at org.apache.catalina.core.ApplicationFilterChain.doFilter(ApplicationFilterChain.java:162) ~[tomcat-embed-core-9.0.43.jar:9.0.43]
	at org.springframework.web.filter.RequestContextFilter.doFilterInternal(RequestContextFilter.java:100) ~[spring-web-5.3.4.jar:5.3.4]
	at org.springframework.web.filter.OncePerRequestFilter.doFilter(OncePerRequestFilter.java:119) ~[spring-web-5.3.4.jar:5.3.4]
	at org.apache.catalina.core.ApplicationFilterChain.internalDoFilter(ApplicationFilterChain.java:189) ~[tomcat-embed-core-9.0.43.jar:9.0.43]
	at org.apache.catalina.core.ApplicationFilterChain.doFilter(ApplicationFilterChain.java:162) ~[tomcat-embed-core-9.0.43.jar:9.0.43]
	at org.springframework.web.filter.FormContentFilter.doFilterInternal(FormContentFilter.java:93) ~[spring-web-5.3.4.jar:5.3.4]
	at org.springframework.web.filter.OncePerRequestFilter.doFilter(OncePerRequestFilter.java:119) ~[spring-web-5.3.4.jar:5.3.4]
	at org.apache.catalina.core.ApplicationFilterChain.internalDoFilter(ApplicationFilterChain.java:189) ~[tomcat-embed-core-9.0.43.jar:9.0.43]
	at org.apache.catalina.core.ApplicationFilterChain.doFilter(ApplicationFilterChain.java:162) ~[tomcat-embed-core-9.0.43.jar:9.0.43]
	at org.springframework.web.filter.CharacterEncodingFilter.doFilterInternal(CharacterEncodingFilter.java:201) ~[spring-web-5.3.4.jar:5.3.4]
	at org.springframework.web.filter.OncePerRequestFilter.doFilter(OncePerRequestFilter.java:119) ~[spring-web-5.3.4.jar:5.3.4]
	at org.apache.catalina.core.ApplicationFilterChain.internalDoFilter(ApplicationFilterChain.java:189) ~[tomcat-embed-core-9.0.43.jar:9.0.43]
	at org.apache.catalina.core.ApplicationFilterChain.doFilter(ApplicationFilterChain.java:162) ~[tomcat-embed-core-9.0.43.jar:9.0.43]
	at org.apache.catalina.core.StandardWrapperValve.invoke(StandardWrapperValve.java:202) ~[tomcat-embed-core-9.0.43.jar:9.0.43]
	at org.apache.catalina.core.StandardContextValve.invoke(StandardContextValve.java:97) ~[tomcat-embed-core-9.0.43.jar:9.0.43]
	at org.apache.catalina.authenticator.AuthenticatorBase.invoke(AuthenticatorBase.java:542) ~[tomcat-embed-core-9.0.43.jar:9.0.43]
	at org.apache.catalina.core.StandardHostValve.invoke(StandardHostValve.java:143) ~[tomcat-embed-core-9.0.43.jar:9.0.43]
	at org.apache.catalina.valves.ErrorReportValve.invoke(ErrorReportValve.java:92) ~[tomcat-embed-core-9.0.43.jar:9.0.43]
	at org.apache.catalina.core.StandardEngineValve.invoke(StandardEngineValve.java:78) ~[tomcat-embed-core-9.0.43.jar:9.0.43]
	at org.apache.catalina.connector.CoyoteAdapter.service(CoyoteAdapter.java:346) ~[tomcat-embed-core-9.0.43.jar:9.0.43]
	at org.apache.coyote.http11.Http11Processor.service(Http11Processor.java:374) ~[tomcat-embed-core-9.0.43.jar:9.0.43]
	at org.apache.coyote.AbstractProcessorLight.process(AbstractProcessorLight.java:65) ~[tomcat-embed-core-9.0.43.jar:9.0.43]
	at org.apache.coyote.AbstractProtocol$ConnectionHandler.process(AbstractProtocol.java:887) ~[tomcat-embed-core-9.0.43.jar:9.0.43]
	at org.apache.tomcat.util.net.NioEndpoint$SocketProcessor.doRun(NioEndpoint.java:1684) ~[tomcat-embed-core-9.0.43.jar:9.0.43]
	at org.apache.tomcat.util.net.SocketProcessorBase.run(SocketProcessorBase.java:49) ~[tomcat-embed-core-9.0.43.jar:9.0.43]
	at java.base/java.util.concurrent.ThreadPoolExecutor.runWorker(ThreadPoolExecutor.java:1128) ~[na:na]
	at java.base/java.util.concurrent.ThreadPoolExecutor$Worker.run(ThreadPoolExecutor.java:628) ~[na:na]
	at org.apache.tomcat.util.threads.TaskThread$WrappingRunnable.run(TaskThread.java:61) ~[tomcat-embed-core-9.0.43.jar:9.0.43]
	at java.base/java.lang.Thread.run(Thread.java:834) ~[na:na]

2021-04-21 21:44:45.287 ERROR 1720 --- [http-nio-8080-exec-10] o.j.e.ApiErrorAttributes                 : Ha ocurrido un error, obteniendo atributos y mensajes.
2021-04-21 21:44:45.288 ERROR 1720 --- [http-nio-8080-exec-10] o.j.e.ApiErrorAttributes                 : Status: 500
2021-04-21 21:44:45.288 ERROR 1720 --- [http-nio-8080-exec-10] o.j.e.ApiErrorAttributes                 : Throwable: org.springframework.web.server.ResponseStatusException: 500 INTERNAL_SERVER_ERROR "Ocurrió un error no identificado al tratar de actualizar las reglas. "
2021-04-21 21:44:45.288 ERROR 1720 --- [http-nio-8080-exec-10] o.j.e.ApiErrorAttributes                 : Mensaje a devolver: Ocurrió un error no identificado al tratar de actualizar las reglas. 
2021-04-21 21:44:45.288 ERROR 1720 --- [http-nio-8080-exec-10] o.j.e.ApiErrorAttributes                 : Message: Ocurrió un error no identificado al tratar de actualizar las reglas. 
2021-04-21 21:44:48.634  INFO 1720 --- [http-nio-8080-exec-1] o.j.s.g.FileSystemStorageServiceImpl     : extensión del fichero-> pdf
2021-04-21 21:44:48.635  INFO 1720 --- [http-nio-8080-exec-1] o.j.s.g.FileSystemStorageServiceImpl     : El pdf de reglas es válido, se procede a guardar en el storage secundario.
2021-04-21 21:44:48.640  INFO 1720 --- [http-nio-8080-exec-1] o.j.s.repositoryservice.RulesService     : Existen correos de usuarios activos, por lo que se les va a enviar notificación.
2021-04-21 21:44:48.640  INFO 1720 --- [http-nio-8080-exec-1] o.j.s.genericservice.SendMailService     : Se inicia servicio de mail para notificar nuevas reglas establecidas.
2021-04-21 21:44:49.343 ERROR 1720 --- [http-nio-8080-exec-1] o.j.s.repositoryservice.RulesService     : Ocurrió un error no identificado al tratar de actualizar las reglas. 

org.springframework.mail.MailSendException: Failed messages: javax.mail.SendFailedException: No recipient addresses
	at org.springframework.mail.javamail.JavaMailSenderImpl.doSend(JavaMailSenderImpl.java:491) ~[spring-context-support-5.3.4.jar:5.3.4]
	at org.springframework.mail.javamail.JavaMailSenderImpl.send(JavaMailSenderImpl.java:361) ~[spring-context-support-5.3.4.jar:5.3.4]
	at org.springframework.mail.javamail.JavaMailSenderImpl.send(JavaMailSenderImpl.java:356) ~[spring-context-support-5.3.4.jar:5.3.4]
	at org.jeycode.service.genericservice.SendMailService.sendNewRulesNotificationMail(SendMailService.java:207) ~[classes/:na]
	at org.jeycode.service.genericservice.SendMailService$$FastClassBySpringCGLIB$$422fcfac.invoke(<generated>) ~[classes/:na]
	at org.springframework.cglib.proxy.MethodProxy.invoke(MethodProxy.java:218) ~[spring-core-5.3.4.jar:5.3.4]
	at org.springframework.aop.framework.CglibAopProxy$DynamicAdvisedInterceptor.intercept(CglibAopProxy.java:688) ~[spring-aop-5.3.4.jar:5.3.4]
	at org.jeycode.service.genericservice.SendMailService$$EnhancerBySpringCGLIB$$6777129e.sendNewRulesNotificationMail(<generated>) ~[classes/:na]
	at org.jeycode.service.repositoryservice.RulesService.tryToStoreNewPdfAndNotificateAll(RulesService.java:114) ~[classes/:na]
	at org.jeycode.service.repositoryservice.RulesService.updateToDefaultRules(RulesService.java:72) ~[classes/:na]
	at org.jeycode.service.repositoryservice.RulesService$$FastClassBySpringCGLIB$$d4e34327.invoke(<generated>) ~[classes/:na]
	at org.springframework.cglib.proxy.MethodProxy.invoke(MethodProxy.java:218) ~[spring-core-5.3.4.jar:5.3.4]
	at org.springframework.aop.framework.CglibAopProxy$CglibMethodInvocation.invokeJoinpoint(CglibAopProxy.java:779) ~[spring-aop-5.3.4.jar:5.3.4]
	at org.springframework.aop.framework.ReflectiveMethodInvocation.proceed(ReflectiveMethodInvocation.java:163) ~[spring-aop-5.3.4.jar:5.3.4]
	at org.springframework.aop.framework.CglibAopProxy$CglibMethodInvocation.proceed(CglibAopProxy.java:750) ~[spring-aop-5.3.4.jar:5.3.4]
	at org.springframework.transaction.interceptor.TransactionInterceptor$1.proceedWithInvocation(TransactionInterceptor.java:123) ~[spring-tx-5.3.4.jar:5.3.4]
	at org.springframework.transaction.interceptor.TransactionAspectSupport.invokeWithinTransaction(TransactionAspectSupport.java:388) ~[spring-tx-5.3.4.jar:5.3.4]
	at org.springframework.transaction.interceptor.TransactionInterceptor.invoke(TransactionInterceptor.java:119) ~[spring-tx-5.3.4.jar:5.3.4]
	at org.springframework.aop.framework.ReflectiveMethodInvocation.proceed(ReflectiveMethodInvocation.java:186) ~[spring-aop-5.3.4.jar:5.3.4]
	at org.springframework.aop.framework.CglibAopProxy$CglibMethodInvocation.proceed(CglibAopProxy.java:750) ~[spring-aop-5.3.4.jar:5.3.4]
	at org.springframework.aop.framework.CglibAopProxy$DynamicAdvisedInterceptor.intercept(CglibAopProxy.java:692) ~[spring-aop-5.3.4.jar:5.3.4]
	at org.jeycode.service.repositoryservice.RulesService$$EnhancerBySpringCGLIB$$ef73416f.updateToDefaultRules(<generated>) ~[classes/:na]
	at org.jeycode.controllers.RulesController.updateRules(RulesController.java:53) ~[classes/:na]
	at java.base/jdk.internal.reflect.NativeMethodAccessorImpl.invoke0(Native Method) ~[na:na]
	at java.base/jdk.internal.reflect.NativeMethodAccessorImpl.invoke(NativeMethodAccessorImpl.java:62) ~[na:na]
	at java.base/jdk.internal.reflect.DelegatingMethodAccessorImpl.invoke(DelegatingMethodAccessorImpl.java:43) ~[na:na]
	at java.base/java.lang.reflect.Method.invoke(Method.java:566) ~[na:na]
	at org.springframework.web.method.support.InvocableHandlerMethod.doInvoke(InvocableHandlerMethod.java:197) ~[spring-web-5.3.4.jar:5.3.4]
	at org.springframework.web.method.support.InvocableHandlerMethod.invokeForRequest(InvocableHandlerMethod.java:141) ~[spring-web-5.3.4.jar:5.3.4]
	at org.springframework.web.servlet.mvc.method.annotation.ServletInvocableHandlerMethod.invokeAndHandle(ServletInvocableHandlerMethod.java:106) ~[spring-webmvc-5.3.4.jar:5.3.4]
	at org.springframework.web.servlet.mvc.method.annotation.RequestMappingHandlerAdapter.invokeHandlerMethod(RequestMappingHandlerAdapter.java:894) ~[spring-webmvc-5.3.4.jar:5.3.4]
	at org.springframework.web.servlet.mvc.method.annotation.RequestMappingHandlerAdapter.handleInternal(RequestMappingHandlerAdapter.java:808) ~[spring-webmvc-5.3.4.jar:5.3.4]
	at org.springframework.web.servlet.mvc.method.AbstractHandlerMethodAdapter.handle(AbstractHandlerMethodAdapter.java:87) ~[spring-webmvc-5.3.4.jar:5.3.4]
	at org.springframework.web.servlet.DispatcherServlet.doDispatch(DispatcherServlet.java:1060) ~[spring-webmvc-5.3.4.jar:5.3.4]
	at org.springframework.web.servlet.DispatcherServlet.doService(DispatcherServlet.java:962) ~[spring-webmvc-5.3.4.jar:5.3.4]
	at org.springframework.web.servlet.FrameworkServlet.processRequest(FrameworkServlet.java:1006) ~[spring-webmvc-5.3.4.jar:5.3.4]
	at org.springframework.web.servlet.FrameworkServlet.doPut(FrameworkServlet.java:920) ~[spring-webmvc-5.3.4.jar:5.3.4]
	at javax.servlet.http.HttpServlet.service(HttpServlet.java:655) ~[tomcat-embed-core-9.0.43.jar:4.0.FR]
	at org.springframework.web.servlet.FrameworkServlet.service(FrameworkServlet.java:883) ~[spring-webmvc-5.3.4.jar:5.3.4]
	at javax.servlet.http.HttpServlet.service(HttpServlet.java:733) ~[tomcat-embed-core-9.0.43.jar:4.0.FR]
	at org.apache.catalina.core.ApplicationFilterChain.internalDoFilter(ApplicationFilterChain.java:227) ~[tomcat-embed-core-9.0.43.jar:9.0.43]
	at org.apache.catalina.core.ApplicationFilterChain.doFilter(ApplicationFilterChain.java:162) ~[tomcat-embed-core-9.0.43.jar:9.0.43]
	at org.apache.tomcat.websocket.server.WsFilter.doFilter(WsFilter.java:53) ~[tomcat-embed-websocket-9.0.43.jar:9.0.43]
	at org.apache.catalina.core.ApplicationFilterChain.internalDoFilter(ApplicationFilterChain.java:189) ~[tomcat-embed-core-9.0.43.jar:9.0.43]
	at org.apache.catalina.core.ApplicationFilterChain.doFilter(ApplicationFilterChain.java:162) ~[tomcat-embed-core-9.0.43.jar:9.0.43]
	at org.springframework.web.filter.RequestContextFilter.doFilterInternal(RequestContextFilter.java:100) ~[spring-web-5.3.4.jar:5.3.4]
	at org.springframework.web.filter.OncePerRequestFilter.doFilter(OncePerRequestFilter.java:119) ~[spring-web-5.3.4.jar:5.3.4]
	at org.apache.catalina.core.ApplicationFilterChain.internalDoFilter(ApplicationFilterChain.java:189) ~[tomcat-embed-core-9.0.43.jar:9.0.43]
	at org.apache.catalina.core.ApplicationFilterChain.doFilter(ApplicationFilterChain.java:162) ~[tomcat-embed-core-9.0.43.jar:9.0.43]
	at org.springframework.web.filter.FormContentFilter.doFilterInternal(FormContentFilter.java:93) ~[spring-web-5.3.4.jar:5.3.4]
	at org.springframework.web.filter.OncePerRequestFilter.doFilter(OncePerRequestFilter.java:119) ~[spring-web-5.3.4.jar:5.3.4]
	at org.apache.catalina.core.ApplicationFilterChain.internalDoFilter(ApplicationFilterChain.java:189) ~[tomcat-embed-core-9.0.43.jar:9.0.43]
	at org.apache.catalina.core.ApplicationFilterChain.doFilter(ApplicationFilterChain.java:162) ~[tomcat-embed-core-9.0.43.jar:9.0.43]
	at org.springframework.web.filter.CharacterEncodingFilter.doFilterInternal(CharacterEncodingFilter.java:201) ~[spring-web-5.3.4.jar:5.3.4]
	at org.springframework.web.filter.OncePerRequestFilter.doFilter(OncePerRequestFilter.java:119) ~[spring-web-5.3.4.jar:5.3.4]
	at org.apache.catalina.core.ApplicationFilterChain.internalDoFilter(ApplicationFilterChain.java:189) ~[tomcat-embed-core-9.0.43.jar:9.0.43]
	at org.apache.catalina.core.ApplicationFilterChain.doFilter(ApplicationFilterChain.java:162) ~[tomcat-embed-core-9.0.43.jar:9.0.43]
	at org.apache.catalina.core.StandardWrapperValve.invoke(StandardWrapperValve.java:202) ~[tomcat-embed-core-9.0.43.jar:9.0.43]
	at org.apache.catalina.core.StandardContextValve.invoke(StandardContextValve.java:97) ~[tomcat-embed-core-9.0.43.jar:9.0.43]
	at org.apache.catalina.authenticator.AuthenticatorBase.invoke(AuthenticatorBase.java:542) ~[tomcat-embed-core-9.0.43.jar:9.0.43]
	at org.apache.catalina.core.StandardHostValve.invoke(StandardHostValve.java:143) ~[tomcat-embed-core-9.0.43.jar:9.0.43]
	at org.apache.catalina.valves.ErrorReportValve.invoke(ErrorReportValve.java:92) ~[tomcat-embed-core-9.0.43.jar:9.0.43]
	at org.apache.catalina.core.StandardEngineValve.invoke(StandardEngineValve.java:78) ~[tomcat-embed-core-9.0.43.jar:9.0.43]
	at org.apache.catalina.connector.CoyoteAdapter.service(CoyoteAdapter.java:346) ~[tomcat-embed-core-9.0.43.jar:9.0.43]
	at org.apache.coyote.http11.Http11Processor.service(Http11Processor.java:374) ~[tomcat-embed-core-9.0.43.jar:9.0.43]
	at org.apache.coyote.AbstractProcessorLight.process(AbstractProcessorLight.java:65) ~[tomcat-embed-core-9.0.43.jar:9.0.43]
	at org.apache.coyote.AbstractProtocol$ConnectionHandler.process(AbstractProtocol.java:887) ~[tomcat-embed-core-9.0.43.jar:9.0.43]
	at org.apache.tomcat.util.net.NioEndpoint$SocketProcessor.doRun(NioEndpoint.java:1684) ~[tomcat-embed-core-9.0.43.jar:9.0.43]
	at org.apache.tomcat.util.net.SocketProcessorBase.run(SocketProcessorBase.java:49) ~[tomcat-embed-core-9.0.43.jar:9.0.43]
	at java.base/java.util.concurrent.ThreadPoolExecutor.runWorker(ThreadPoolExecutor.java:1128) ~[na:na]
	at java.base/java.util.concurrent.ThreadPoolExecutor$Worker.run(ThreadPoolExecutor.java:628) ~[na:na]
	at org.apache.tomcat.util.threads.TaskThread$WrappingRunnable.run(TaskThread.java:61) ~[tomcat-embed-core-9.0.43.jar:9.0.43]
	at java.base/java.lang.Thread.run(Thread.java:834) ~[na:na]

2021-04-21 21:44:49.345 ERROR 1720 --- [http-nio-8080-exec-1] o.j.e.ApiErrorAttributes                 : Ha ocurrido un error, obteniendo atributos y mensajes.
2021-04-21 21:44:49.345 ERROR 1720 --- [http-nio-8080-exec-1] o.j.e.ApiErrorAttributes                 : Status: 500
2021-04-21 21:44:49.346 ERROR 1720 --- [http-nio-8080-exec-1] o.j.e.ApiErrorAttributes                 : Throwable: org.springframework.web.server.ResponseStatusException: 500 INTERNAL_SERVER_ERROR "Ocurrió un error no identificado al tratar de actualizar las reglas. "
2021-04-21 21:44:49.346 ERROR 1720 --- [http-nio-8080-exec-1] o.j.e.ApiErrorAttributes                 : Mensaje a devolver: Ocurrió un error no identificado al tratar de actualizar las reglas. 
2021-04-21 21:44:49.346 ERROR 1720 --- [http-nio-8080-exec-1] o.j.e.ApiErrorAttributes                 : Message: Ocurrió un error no identificado al tratar de actualizar las reglas. 
2021-04-21 21:47:28.819  INFO 11928 --- [main] org.jeycode.ApplicationRunner            : Starting ApplicationRunner using Java 11.0.6 on LAPTOP-0FVBB724 with PID 11928 (C:\Users\JAVIER\Desktop\EClipse ACTIV\GIT_REPOSITORY\BCF_Project_Backend_RestFullAPI\target\classes started by JAVIER in C:\Users\JAVIER\Desktop\EClipse ACTIV\GIT_REPOSITORY\BCF_Project_Backend_RestFullAPI)
2021-04-21 21:47:28.822  INFO 11928 --- [main] org.jeycode.ApplicationRunner            : No active profile set, falling back to default profiles: default
2021-04-21 21:47:30.191  INFO 11928 --- [main] .s.d.r.c.RepositoryConfigurationDelegate : Bootstrapping Spring Data JPA repositories in DEFAULT mode.
2021-04-21 21:47:30.364  INFO 11928 --- [main] .s.d.r.c.RepositoryConfigurationDelegate : Finished Spring Data repository scanning in 154 ms. Found 5 JPA repository interfaces.
2021-04-21 21:47:31.367  INFO 11928 --- [main] o.s.b.w.embedded.tomcat.TomcatWebServer  : Tomcat initialized with port(s): 8080 (http)
2021-04-21 21:47:31.388  INFO 11928 --- [main] o.apache.catalina.core.StandardService   : Starting service [Tomcat]
2021-04-21 21:47:31.389  INFO 11928 --- [main] org.apache.catalina.core.StandardEngine  : Starting Servlet engine: [Apache Tomcat/9.0.43]
2021-04-21 21:47:31.557  INFO 11928 --- [main] o.a.c.c.C.[Tomcat].[localhost].[/]       : Initializing Spring embedded WebApplicationContext
2021-04-21 21:47:31.558  INFO 11928 --- [main] w.s.c.ServletWebServerApplicationContext : Root WebApplicationContext: initialization completed in 2678 ms
2021-04-21 21:47:31.618  INFO 11928 --- [main] com.zaxxer.hikari.HikariDataSource       : HikariPool-1 - Starting...
2021-04-21 21:47:31.844  INFO 11928 --- [main] com.zaxxer.hikari.HikariDataSource       : HikariPool-1 - Start completed.
2021-04-21 21:47:31.852  INFO 11928 --- [main] o.s.b.a.h2.H2ConsoleAutoConfiguration    : H2 console available at '/h2-console'. Database available at 'jdbc:h2:mem:1474c96d-490c-401e-be23-4a5c06f06c59'
2021-04-21 21:47:32.038  INFO 11928 --- [main] o.hibernate.jpa.internal.util.LogHelper  : HHH000204: Processing PersistenceUnitInfo [name: default]
2021-04-21 21:47:32.088  INFO 11928 --- [main] org.hibernate.Version                    : HHH000412: Hibernate ORM core version 5.4.28.Final
2021-04-21 21:47:32.366  INFO 11928 --- [main] o.hibernate.annotations.common.Version   : HCANN000001: Hibernate Commons Annotations {5.1.2.Final}
2021-04-21 21:47:32.741  INFO 11928 --- [main] org.hibernate.dialect.Dialect            : HHH000400: Using dialect: org.hibernate.dialect.H2Dialect
2021-04-21 21:47:33.759  INFO 11928 --- [main] o.h.e.t.j.p.i.JtaPlatformInitiator       : HHH000490: Using JtaPlatform implementation: [org.hibernate.engine.transaction.jta.platform.internal.NoJtaPlatform]
2021-04-21 21:47:33.768  INFO 11928 --- [main] j.LocalContainerEntityManagerFactoryBean : Initialized JPA EntityManagerFactory for persistence unit 'default'
2021-04-21 21:47:34.850  INFO 11928 --- [main] o.s.s.concurrent.ThreadPoolTaskExecutor  : Initializing ExecutorService
2021-04-21 21:47:34.851  INFO 11928 --- [main] o.s.s.concurrent.ThreadPoolTaskExecutor  : Initializing ExecutorService 'sendMailServiceTaskExecutor'
2021-04-21 21:47:34.885  INFO 11928 --- [main] pertySourcedRequestMappingHandlerMapping : Mapped URL path [/v2/api-docs] onto method [springfox.documentation.swagger2.web.Swagger2Controller#getDocumentation(String, HttpServletRequest)]
2021-04-21 21:47:35.215  INFO 11928 --- [main] o.s.b.w.embedded.tomcat.TomcatWebServer  : Tomcat started on port(s): 8080 (http) with context path ''
2021-04-21 21:47:35.217  INFO 11928 --- [main] d.s.w.p.DocumentationPluginsBootstrapper : Context refreshed
2021-04-21 21:47:35.255  INFO 11928 --- [main] d.s.w.p.DocumentationPluginsBootstrapper : Found 1 custom documentation plugin(s)
2021-04-21 21:47:35.297  INFO 11928 --- [main] s.d.s.w.s.ApiListingReferenceScanner     : Scanning for api listing references
2021-04-21 21:47:35.314  INFO 11928 --- [http-nio-8080-exec-1] o.a.c.c.C.[Tomcat].[localhost].[/]       : Initializing Spring DispatcherServlet 'dispatcherServlet'
2021-04-21 21:47:35.315  INFO 11928 --- [http-nio-8080-exec-1] o.s.web.servlet.DispatcherServlet        : Initializing Servlet 'dispatcherServlet'
2021-04-21 21:47:35.317  INFO 11928 --- [http-nio-8080-exec-1] o.s.web.servlet.DispatcherServlet        : Completed initialization in 2 ms
2021-04-21 21:47:35.408  INFO 11928 --- [http-nio-8080-exec-1] o.j.s.g.FileSystemStorageServiceImpl     : extensión del fichero-> pdf
2021-04-21 21:47:35.408  INFO 11928 --- [http-nio-8080-exec-1] o.j.s.g.FileSystemStorageServiceImpl     : El pdf de reglas es válido, se procede a guardar en el storage secundario.
2021-04-21 21:47:35.511  INFO 11928 --- [http-nio-8080-exec-1] o.j.s.repositoryservice.RulesService     : Las reglas ya se encontraban con los valores por defecto
2021-04-21 21:47:35.551  INFO 11928 --- [main] org.jeycode.ApplicationRunner            : Started ApplicationRunner in 7.233 seconds (JVM running for 7.758)
